Log file open, 11/27/19 10:17:15
LogWindows: Failed to load 'aqProf.dll' (GetLastError=126)
LogWindows: File 'aqProf.dll' does not exist
LogWindows: Failed to load 'VtuneApi.dll' (GetLastError=126)
LogWindows: File 'VtuneApi.dll' does not exist
LogWindows: Failed to load 'VtuneApi32e.dll' (GetLastError=126)
LogWindows: File 'VtuneApi32e.dll' does not exist
LogInit: Display: Running engine for game: FlexProject
LogPlatformFile: Not using cached read wrapper
LogInit: Display: RandInit(399640536) SRandInit(399640536).
LogInit: Read version file with build ID 'f8081bff-4f06-49d9-99ad-e04726a0696f'
LogInit: Registered custom module enumerator with build ID 'f8081bff-4f06-49d9-99ad-e04726a0696f'
LogTaskGraph: Started task graph with 5 named threads and 23 total threads with 3 sets of task threads.
LogStats: Stats thread started at 0.300700
LogD3D11RHI: Aftermath initialized
LogICUInternationalization: Display: ICU TimeZone Detection - Raw Offset: -8:00, Platform Override: ''
LogModuleManager: Display: Found up-to-date module file ../../../Engine/Plugins/2D/Paper2D/Binaries/Win64/UE4Editor-Paper2D.dll (API version 0).
LogModuleManager: Display: Found up-to-date module file ../../../Engine/Plugins/2D/Paper2D/Binaries/Win64/UE4Editor-Paper2DEditor.dll (API version 0).
LogModuleManager: Display: Found up-to-date module file ../../../Engine/Plugins/2D/Paper2D/Binaries/Win64/UE4Editor-PaperSpriteSheetImporter.dll (API version 0).
LogModuleManager: Display: Found up-to-date module file ../../../Engine/Plugins/2D/Paper2D/Binaries/Win64/UE4Editor-PaperTiledImporter.dll (API version 0).
LogModuleManager: Display: Found up-to-date module file ../../../Engine/Plugins/2D/Paper2D/Binaries/Win64/UE4Editor-SmartSnapping.dll (API version 0).
LogModuleManager: Display: Found up-to-date module file ../../../Engine/Plugins/Blendables/LightPropagationVolume/Binaries/Win64/UE4Editor-LightPropagationVolumeRuntime.dll (API version 0).
LogModuleManager: Display: Found up-to-date module file ../../../Engine/Plugins/Blendables/LightPropagationVolume/Binaries/Win64/UE4Editor-LightPropagationVolumeEditor.dll (API version 0).
LogModuleManager: Display: Found up-to-date module file ../../../Engine/Plugins/Developer/CLionSourceCodeAccess/Binaries/Win64/UE4Editor-CLionSourceCodeAccess.dll (API version 0).
LogModuleManager: Display: Found up-to-date module file ../../../Engine/Plugins/Developer/GitSourceControl/Binaries/Win64/UE4Editor-GitSourceControl.dll (API version 0).
LogModuleManager: Display: Found up-to-date module file ../../../Engine/Plugins/Developer/PerforceSourceControl/Binaries/Win64/UE4Editor-PerforceSourceControl.dll (API version 0).
LogModuleManager: Display: Found up-to-date module file ../../../Engine/Plugins/Developer/SubversionSourceControl/Binaries/Win64/UE4Editor-SubversionSourceControl.dll (API version 0).
LogModuleManager: Display: Found up-to-date module file ../../../Engine/Plugins/Developer/UObjectPlugin/Binaries/Win64/UE4Editor-UObjectPlugin.dll (API version 0).
LogModuleManager: Display: Found up-to-date module file ../../../Engine/Plugins/Developer/VisualStudioCodeSourceCodeAccess/Binaries/Win64/UE4Editor-VisualStudioCodeSourceCodeAccess.dll (API version 0).
LogModuleManager: Display: Found up-to-date module file ../../../Engine/Plugins/Developer/VisualStudioSourceCodeAccess/Binaries/Win64/UE4Editor-VisualStudioSourceCodeAccess.dll (API version 0).
LogModuleManager: Display: Found up-to-date module file ../../../Engine/Plugins/Editor/AssetManagerEditor/Binaries/Win64/UE4Editor-AssetManagerEditor.dll (API version 0).
LogModuleManager: Display: Found up-to-date module file ../../../Engine/Plugins/Editor/CryptoKeys/Binaries/Win64/UE4Editor-CryptoKeys.dll (API version 0).
LogModuleManager: Display: Found up-to-date module file ../../../Engine/Plugins/Editor/CryptoKeys/Binaries/Win64/UE4Editor-CryptoKeysOpenSSL.dll (API version 0).
LogModuleManager: Display: Found up-to-date module file ../../../Engine/Plugins/Editor/DataValidation/Binaries/Win64/UE4Editor-DataValidation.dll (API version 0).
LogModuleManager: Display: Found up-to-date module file ../../../Engine/Plugins/Editor/FacialAnimation/Binaries/Win64/UE4Editor-FacialAnimation.dll (API version 0).
LogModuleManager: Display: Found up-to-date module file ../../../Engine/Plugins/Editor/FacialAnimation/Binaries/Win64/UE4Editor-FacialAnimationEditor.dll (API version 0).
LogModuleManager: Display: Found up-to-date module file ../../../Engine/Plugins/Editor/GameplayTagsEditor/Binaries/Win64/UE4Editor-GameplayTagsEditor.dll (API version 0).
LogModuleManager: Display: Found up-to-date module file ../../../Engine/Plugins/Editor/MobileLauncherProfileWizard/Binaries/Win64/UE4Editor-MobileLauncherProfileWizard.dll (API version 0).
LogModuleManager: Display: Found up-to-date module file ../../../Engine/Plugins/Editor/PluginBrowser/Binaries/Win64/UE4Editor-PluginBrowser.dll (API version 0).
LogModuleManager: Display: Found up-to-date module file ../../../Engine/Plugins/Editor/SpeedTreeImporter/Binaries/Win64/UE4Editor-SpeedTreeImporter.dll (API version 0).
LogModuleManager: Display: Found up-to-date module file ../../../Engine/Plugins/Enterprise/DatasmithContent/Binaries/Win64/UE4Editor-DatasmithContent.dll (API version 0).
LogModuleManager: Display: Found up-to-date module file ../../../Engine/Plugins/Experimental/AlembicImporter/Binaries/Win64/UE4Editor-AlembicImporter.dll (API version 0).
LogModuleManager: Display: Found up-to-date module file ../../../Engine/Plugins/Experimental/AlembicImporter/Binaries/Win64/UE4Editor-AlembicLibrary.dll (API version 0).
LogModuleManager: Display: Found up-to-date module file ../../../Engine/Plugins/Experimental/CharacterAI/Binaries/Win64/UE4Editor-CharacterAI.dll (API version 0).
LogModuleManager: Display: Found up-to-date module file ../../../Engine/Plugins/Experimental/HTML5Networking/Binaries/Win64/UE4Editor-HTML5Networking.dll (API version 0).
LogModuleManager: Display: Found up-to-date module file ../../../Engine/Plugins/GameWorks/Flex/Binaries/Win64/UE4Editor-Flex.dll (API version 0).
LogModuleManager: Display: Found up-to-date module file ../../../Engine/Plugins/GameWorks/Flex/Binaries/Win64/UE4Editor-FlexEditor.dll (API version 0).
LogModuleManager: Display: Found up-to-date module file ../../../Engine/Plugins/Media/AndroidMedia/Binaries/Win64/UE4Editor-AndroidMediaEditor.dll (API version 0).
LogModuleManager: Display: Found up-to-date module file ../../../Engine/Plugins/Media/AndroidMedia/Binaries/Win64/UE4Editor-AndroidMediaFactory.dll (API version 0).
LogModuleManager: Display: Found up-to-date module file ../../../Engine/Plugins/Media/AvfMedia/Binaries/Win64/UE4Editor-AvfMediaEditor.dll (API version 0).
LogModuleManager: Display: Found up-to-date module file ../../../Engine/Plugins/Media/AvfMedia/Binaries/Win64/UE4Editor-AvfMediaFactory.dll (API version 0).
LogModuleManager: Display: Found up-to-date module file ../../../Engine/Plugins/Media/AvfMedia/Binaries/Win64/UE4Editor-AvfMediaFactory.dll (API version 0).
LogModuleManager: Display: Found up-to-date module file ../../../Engine/Plugins/Media/ImgMedia/Binaries/Win64/UE4Editor-ImgMedia.dll (API version 0).
LogModuleManager: Display: Found up-to-date module file ../../../Engine/Plugins/Media/ImgMedia/Binaries/Win64/UE4Editor-ImgMediaEditor.dll (API version 0).
LogModuleManager: Display: Found up-to-date module file ../../../Engine/Plugins/Media/ImgMedia/Binaries/Win64/UE4Editor-ImgMediaFactory.dll (API version 0).
LogModuleManager: Display: Found up-to-date module file ../../../Engine/Plugins/Media/ImgMedia/Binaries/Win64/UE4Editor-ImgMediaFactory.dll (API version 0).
LogModuleManager: Display: Found up-to-date module file ../../../Engine/Plugins/Media/ImgMedia/Binaries/Win64/UE4Editor-OpenExrWrapper.dll (API version 0).
LogModuleManager: Display: Found up-to-date module file ../../../Engine/Plugins/Media/LinearTimecode/Binaries/Win64/UE4Editor-LinearTimecode.dll (API version 0).
LogModuleManager: Display: Found up-to-date module file ../../../Engine/Plugins/Media/MediaCompositing/Binaries/Win64/UE4Editor-MediaCompositing.dll (API version 0).
LogModuleManager: Display: Found up-to-date module file ../../../Engine/Plugins/Media/MediaCompositing/Binaries/Win64/UE4Editor-MediaCompositingEditor.dll (API version 0).
LogModuleManager: Display: Found up-to-date module file ../../../Engine/Plugins/Media/MediaPlayerEditor/Binaries/Win64/UE4Editor-MediaPlayerEditor.dll (API version 0).
LogModuleManager: Display: Found up-to-date module file ../../../Engine/Plugins/Media/WmfMedia/Binaries/Win64/UE4Editor-WmfMedia.dll (API version 0).
LogModuleManager: Display: Found up-to-date module file ../../../Engine/Plugins/Media/WmfMedia/Binaries/Win64/UE4Editor-WmfMediaEditor.dll (API version 0).
LogModuleManager: Display: Found up-to-date module file ../../../Engine/Plugins/Media/WmfMedia/Binaries/Win64/UE4Editor-WmfMediaFactory.dll (API version 0).
LogModuleManager: Display: Found up-to-date module file ../../../Engine/Plugins/Media/WmfMedia/Binaries/Win64/UE4Editor-WmfMediaFactory.dll (API version 0).
LogModuleManager: Display: Found up-to-date module file ../../../Engine/Plugins/Messaging/TcpMessaging/Binaries/Win64/UE4Editor-TcpMessaging.dll (API version 0).
LogModuleManager: Display: Found up-to-date module file ../../../Engine/Plugins/Messaging/UdpMessaging/Binaries/Win64/UE4Editor-UdpMessaging.dll (API version 0).
LogModuleManager: Display: Found up-to-date module file ../../../Engine/Plugins/MovieScene/ActorSequence/Binaries/Win64/UE4Editor-ActorSequence.dll (API version 0).
LogModuleManager: Display: Found up-to-date module file ../../../Engine/Plugins/MovieScene/LevelSequenceEditor/Binaries/Win64/UE4Editor-LevelSequenceEditor.dll (API version 0).
LogModuleManager: Display: Found up-to-date module file ../../../Engine/Plugins/MovieScene/MatineeToLevelSequence/Binaries/Win64/UE4Editor-MatineeToLevelSequence.dll (API version 0).
LogModuleManager: Display: Found up-to-date module file ../../../Engine/Plugins/NetcodeUnitTest/NetcodeUnitTest/Binaries/Win64/UE4Editor-NetcodeUnitTest.dll (API version 0).
LogModuleManager: Display: Found up-to-date module file ../../../Engine/Plugins/NetcodeUnitTest/NUTUnrealEngine4/Binaries/Win64/UE4Editor-NUTUnrealEngine4.dll (API version 0).
LogModuleManager: Display: Found up-to-date module file ../../../Engine/Plugins/Online/OnlineSubsystem/Binaries/Win64/UE4Editor-OnlineSubsystem.dll (API version 0).
LogModuleManager: Display: Found up-to-date module file ../../../Engine/Plugins/Runtime/AndroidPermission/Binaries/Win64/UE4Editor-AndroidPermission.dll (API version 0).
LogModuleManager: Display: Found up-to-date module file ../../../Engine/Plugins/Online/OnlineSubsystemNull/Binaries/Win64/UE4Editor-OnlineSubsystemNull.dll (API version 0).
LogModuleManager: Display: Found up-to-date module file ../../../Engine/Plugins/Online/OnlineSubsystemUtils/Binaries/Win64/UE4Editor-OnlineSubsystemUtils.dll (API version 0).
LogModuleManager: Display: Found up-to-date module file ../../../Engine/Plugins/Online/OnlineSubsystemUtils/Binaries/Win64/UE4Editor-OnlineBlueprintSupport.dll (API version 0).
LogModuleManager: Display: Found up-to-date module file ../../../Engine/Plugins/Runtime/AndroidDeviceProfileSelector/Binaries/Win64/UE4Editor-AndroidDeviceProfileSelector.dll (API version 0).
LogModuleManager: Display: Found up-to-date module file ../../../Engine/Plugins/Runtime/AppleARKit/Binaries/Win64/UE4Editor-AppleARKit.dll (API version 0).
LogModuleManager: Display: Found up-to-date module file ../../../Engine/Plugins/Runtime/ProceduralMeshComponent/Binaries/Win64/UE4Editor-ProceduralMeshComponent.dll (API version 0).
LogModuleManager: Display: Found up-to-date module file ../../../Engine/Plugins/Runtime/ProceduralMeshComponent/Binaries/Win64/UE4Editor-ProceduralMeshComponentEditor.dll (API version 0).
LogModuleManager: Display: Found up-to-date module file ../../../Engine/Plugins/Animation/LiveLink/Binaries/Win64/UE4Editor-LiveLink.dll (API version 0).
LogModuleManager: Display: Found up-to-date module file ../../../Engine/Plugins/Animation/LiveLink/Binaries/Win64/UE4Editor-LiveLinkEditor.dll (API version 0).
LogModuleManager: Display: Found up-to-date module file ../../../Engine/Plugins/Runtime/ArchVisCharacter/Binaries/Win64/UE4Editor-ArchVisCharacter.dll (API version 0).
LogModuleManager: Display: Found up-to-date module file ../../../Engine/Plugins/Runtime/AudioCapture/Binaries/Win64/UE4Editor-AudioCapture.dll (API version 0).
LogModuleManager: Display: Found up-to-date module file ../../../Engine/Plugins/Runtime/AudioCapture/Binaries/Win64/UE4Editor-AudioCaptureEditor.dll (API version 0).
LogModuleManager: Display: Found up-to-date module file ../../../Engine/Plugins/Runtime/CableComponent/Binaries/Win64/UE4Editor-CableComponent.dll (API version 0).
LogModuleManager: Display: Found up-to-date module file ../../../Engine/Plugins/Runtime/CustomMeshComponent/Binaries/Win64/UE4Editor-CustomMeshComponent.dll (API version 0).
LogModuleManager: Display: Found up-to-date module file ../../../Engine/Plugins/Runtime/ExampleDeviceProfileSelector/Binaries/Win64/UE4Editor-ExampleDeviceProfileSelector.dll (API version 0).
LogModuleManager: Display: Found up-to-date module file ../../../Engine/Plugins/Runtime/ImmediatePhysics/Binaries/Win64/UE4Editor-ImmediatePhysics.dll (API version 0).
LogModuleManager: Display: Found up-to-date module file ../../../Engine/Plugins/Runtime/ImmediatePhysics/Binaries/Win64/UE4Editor-ImmediatePhysicsEditor.dll (API version 0).
LogModuleManager: Display: Found up-to-date module file ../../../Engine/Plugins/Runtime/LocationServicesBPLibrary/Binaries/Win64/UE4Editor-LocationServicesBPLibrary.dll (API version 0).
LogModuleManager: Display: Found up-to-date module file ../../../Engine/Plugins/Runtime/MobilePatchingUtils/Binaries/Win64/UE4Editor-MobilePatchingUtils.dll (API version 0).
LogModuleManager: Display: Found up-to-date module file ../../../Engine/Plugins/Runtime/Oculus/OculusVR/Binaries/Win64/UE4Editor-OculusHMD.dll (API version 0).
LogModuleManager: Display: Found up-to-date module file ../../../Engine/Plugins/Runtime/Oculus/OculusVR/Binaries/Win64/UE4Editor-OculusInput.dll (API version 0).
LogModuleManager: Display: Found up-to-date module file ../../../Engine/Plugins/Runtime/Oculus/OculusVR/Binaries/Win64/UE4Editor-OculusEditor.dll (API version 0).
LogModuleManager: Display: Found up-to-date module file ../../../Engine/Plugins/Runtime/PhysXVehicles/Binaries/Win64/UE4Editor-PhysXVehicles.dll (API version 0).
LogModuleManager: Display: Found up-to-date module file ../../../Engine/Plugins/Runtime/PhysXVehicles/Binaries/Win64/UE4Editor-PhysXVehiclesEditor.dll (API version 0).
LogModuleManager: Display: Found up-to-date module file ../../../Engine/Plugins/Runtime/RuntimePhysXCooking/Binaries/Win64/UE4Editor-RuntimePhysXCooking.dll (API version 0).
LogModuleManager: Display: Found up-to-date module file ../../../Engine/Plugins/Runtime/Steam/SteamVR/Binaries/Win64/UE4Editor-SteamVR.dll (API version 0).
LogModuleManager: Display: Found up-to-date module file ../../../Engine/Plugins/Runtime/Steam/SteamVR/Binaries/Win64/UE4Editor-SteamVRController.dll (API version 0).
LogModuleManager: Display: Found up-to-date module file ../../../Engine/Plugins/Runtime/WindowsMoviePlayer/Binaries/Win64/UE4Editor-WindowsMoviePlayer.dll (API version 0).
LogPluginManager: Mounting plugin Paper2D
LogPluginManager: Mounting plugin LiveLink
LogPluginManager: Mounting plugin LightPropagationVolume
LogPluginManager: Mounting plugin CLionSourceCodeAccess
LogPluginManager: Mounting plugin CodeLiteSourceCodeAccess
LogPluginManager: Mounting plugin GitSourceControl
LogPluginManager: Mounting plugin KDevelopSourceCodeAccess
LogPluginManager: Mounting plugin NullSourceCodeAccess
LogPluginManager: Mounting plugin PerforceSourceControl
LogPluginManager: Mounting plugin SubversionSourceControl
LogPluginManager: Mounting plugin UObjectPlugin
LogPluginManager: Mounting plugin VisualStudioCodeSourceCodeAccess
LogPluginManager: Mounting plugin VisualStudioSourceCodeAccess
LogPluginManager: Mounting plugin XCodeSourceCodeAccess
LogPluginManager: Mounting plugin AssetManagerEditor
LogPluginManager: Mounting plugin CryptoKeys
LogPluginManager: Mounting plugin DataValidation
LogPluginManager: Mounting plugin FacialAnimation
LogPluginManager: Mounting plugin GameplayTagsEditor
LogPluginManager: Mounting plugin MobileLauncherProfileWizard
LogPluginManager: Mounting plugin PluginBrowser
LogPluginManager: Mounting plugin SpeedTreeImporter
LogPluginManager: Mounting plugin DatasmithContent
LogPluginManager: Mounting plugin AlembicImporter
LogPluginManager: Mounting plugin CharacterAI
LogPluginManager: Mounting plugin HTML5Networking
LogPluginManager: Mounting plugin Flex
LogPluginManager: Plugin shader directory ../../../Engine/Plugins/GameWorks/Flex/Shaders found
LogPluginManager: Mapping shader source directory ../../../Engine/Plugins/GameWorks/Flex/Shaders to virtual directory /Plugin/Flex
LogPluginManager: Mounting plugin AndroidMedia
LogPluginManager: Mounting plugin AvfMedia
LogPluginManager: Mounting plugin ImgMedia
LogPluginManager: Mounting plugin LinearTimecode
LogPluginManager: Mounting plugin MediaCompositing
LogPluginManager: Mounting plugin MediaPlayerEditor
LogPluginManager: Mounting plugin WmfMedia
LogPluginManager: Mounting plugin TcpMessaging
LogPluginManager: Mounting plugin UdpMessaging
LogPluginManager: Mounting plugin ActorSequence
LogPluginManager: Mounting plugin LevelSequenceEditor
LogPluginManager: Mounting plugin MatineeToLevelSequence
LogPluginManager: Mounting plugin NetcodeUnitTest
LogPluginManager: Mounting plugin NUTUnrealEngine4
LogPluginManager: Mounting plugin OnlineSubsystemGooglePlay
LogPluginManager: Mounting plugin OnlineSubsystemIOS
LogPluginManager: Mounting plugin OnlineSubsystem
LogPluginManager: Mounting plugin OnlineSubsystemNull
LogPluginManager: Mounting plugin OnlineSubsystemUtils
LogPluginManager: Mounting plugin AndroidDeviceProfileSelector
LogPluginManager: Mounting plugin AndroidMoviePlayer
LogPluginManager: Mounting plugin AndroidPermission
LogPluginManager: Mounting plugin AppleARKit
LogPluginManager: Mounting plugin AppleMoviePlayer
LogPluginManager: Mounting plugin ArchVisCharacter
LogPluginManager: Mounting plugin AudioCapture
LogPluginManager: Mounting plugin CableComponent
LogPluginManager: Mounting plugin CustomMeshComponent
LogPluginManager: Mounting plugin ExampleDeviceProfileSelector
LogPluginManager: Mounting plugin GoogleCloudMessaging
LogPluginManager: Mounting plugin ImmediatePhysics
LogPluginManager: Mounting plugin IOSDeviceProfileSelector
LogPluginManager: Mounting plugin LinuxDeviceProfileSelector
LogPluginManager: Mounting plugin LocationServicesBPLibrary
LogPluginManager: Mounting plugin MobilePatchingUtils
LogPluginManager: Mounting plugin OculusVR
LogPluginManager: Plugin shader directory ../../../Engine/Plugins/Runtime/Oculus/OculusVR/Shaders found
LogPluginManager: Mapping shader source directory ../../../Engine/Plugins/Runtime/Oculus/OculusVR/Shaders to virtual directory /Plugin/OculusVR
LogPluginManager: Mounting plugin PhysXVehicles
LogPluginManager: Mounting plugin ProceduralMeshComponent
LogPluginManager: Mounting plugin RuntimePhysXCooking
LogPluginManager: Mounting plugin SteamVR
LogPluginManager: Mounting plugin WindowsMoviePlayer
LogStreaming: Display: Took  1.232s to configure plugins.
LogInit: Using libcurl 7.47.1
LogInit:  - built for x86_64-pc-win32
LogInit:  - supports SSL with OpenSSL/1.0.2g
LogInit:  - supports HTTP deflate (compression) using libz 1.2.8
LogInit:  - other features:
LogInit:      CURL_VERSION_SSL
LogInit:      CURL_VERSION_LIBZ
LogInit:      CURL_VERSION_IPV6
LogInit:      CURL_VERSION_ASYNCHDNS
LogInit:      CURL_VERSION_LARGEFILE
LogInit:      CURL_VERSION_IDN
LogInit:  CurlRequestOptions (configurable via config and command line):
LogInit:  - bVerifyPeer = false  - Libcurl will NOT verify peer certificate
LogInit:  - bUseHttpProxy = false  - Libcurl will NOT use HTTP proxy
LogInit:  - bDontReuseConnections = false  - Libcurl will reuse connections
LogInit:  - CertBundlePath = nullptr  - Libcurl will use whatever was configured at build time.
LogInit:  - MaxHostConnections = 16  - Libcurl will limit the number of connections to a host
LogInit:  - LocalHostAddr = Default
LogInit: WinSock: version 1.1 (2.2), MaxSocks=32767, MaxUdp=65467
LogInit: WinSock: I am DESKTOP-5OBRCKN (169.233.177.108:0)
LogInit: Build: ++UE4+Release-4.19-CL-0
LogInit: Engine Version: 4.19.2-0+++UE4+Release-4.19
LogInit: Compatible Engine Version: 4.19.0-0+++UE4+Release-4.19
LogInit: Net CL: 0
LogDevObjectVersion: Number of dev versions registered: 18
LogDevObjectVersion:   Dev-Blueprints (B0D832E4-1F89-4F0D-ACCF-7EB736FD4AA2): 10
LogDevObjectVersion:   Dev-Build (E1C64328-A22C-4D53-A36C-8E866417BD8C): 0
LogDevObjectVersion:   Dev-Core (375EC13C-06E4-48FB-B500-84F0262A717E): 2
LogDevObjectVersion:   Dev-Editor (E4B068ED-F494-42E9-A231-DA0B2E46BB41): 23
LogDevObjectVersion:   Dev-Framework (CFFC743F-43B0-4480-9391-14DF171D2073): 33
LogDevObjectVersion:   Dev-Mobile (B02B49B5-BB20-44E9-A304-32B752E40360): 2
LogDevObjectVersion:   Dev-Networking (A4E4105C-59A1-49B5-A7C5-40C4547EDFEE): 0
LogDevObjectVersion:   Dev-Online (39C831C9-5AE6-47DC-9A44-9C173E1C8E7C): 0
LogDevObjectVersion:   Dev-Physics (78F01B33-EBEA-4F98-B9B4-84EACCB95AA2): 0
LogDevObjectVersion:   Dev-Platform (6631380F-2D4D-43E0-8009-CF276956A95A): 0
LogDevObjectVersion:   Dev-Rendering (12F88B9F-8875-4AFC-A67C-D90C383ABD29): 25
LogDevObjectVersion:   Dev-Sequencer (7B5AE74C-D270-4C10-A958-57980B212A5A): 6
LogDevObjectVersion:   Dev-VR (D7296918-1DD6-4BDD-9DE2-64A83CC13884): 1
LogDevObjectVersion:   Dev-LoadTimes (C2A15278-BFE7-4AFE-6C17-90FF531DF755): 1
LogDevObjectVersion:   Private-Geometry (6EACA3D4-40EC-4CC1-B786-8BED09428FC5): 2
LogDevObjectVersion:   Dev-AnimPhys (29E575DD-E0A3-4627-9D10-D276232CDCEA): 16
LogDevObjectVersion:   Dev-ReflectionCapture (6B266CEC-1EC7-4B8F-A30B-E4D90942FC07): 1
LogDevObjectVersion:   Dev-Automation (0DF73D61-A23F-47EA-B727-89E90C41499A): 1
LogInit: Compiled (64-bit): Nov 26 2019 19:40:34
LogInit: Compiled with Visual C++: 19.16.27034.00
LogInit: Build Configuration: Development
LogInit: Branch Name: ++UE4+Release-4.19
LogInit: Command Line:  /Game/Maps/flexFluidTestMap -game -PIEVIACONSOLE -ResX=1280 -ResY=720  -Multiprocess -messaging -SessionName="Play in Standalone Game" -windowed 
LogInit: Base Directory: C:/Users/valen/Documents/GitHub/UnrealEngine/Engine/Binaries/Win64/
LogInit: Installed Engine Build: 0
LogStreaming: Display: Took  0.001s to delete old logs.
LogInit: Presizing for max 8388607 objects, including 0 objects not considered by GC, pre-allocating 0 bytes for permanent pool.
LogInit: Object subsystem initialized
[2019.11.27-18.17.16:983][  0]LogInit: Selected Device Profile: [Windows]
[2019.11.27-18.17.16:983][  0]LogInit: Applying CVar settings loaded from the selected device profile: [Windows]
[2019.11.27-18.17.16:987][  0]LogInit: Computer: DESKTOP-5OBRCKN
[2019.11.27-18.17.16:987][  0]LogInit: User: valen
[2019.11.27-18.17.16:987][  0]LogInit: CPU Page size=4096, Cores=4
[2019.11.27-18.17.16:987][  0]LogInit: High frequency timer resolution =10.000000 MHz
[2019.11.27-18.17.16:987][  0]LogMemory: Memory total: Physical=32.0GB (32GB approx)
[2019.11.27-18.17.16:988][  0]LogMemory: Platform Memory Stats for Windows
[2019.11.27-18.17.16:988][  0]LogMemory: Process Physical Memory: 273.36 MB used, 273.36 MB peak
[2019.11.27-18.17.16:988][  0]LogMemory: Process Virtual Memory: 264.36 MB used, 264.36 MB peak
[2019.11.27-18.17.16:988][  0]LogMemory: Physical Memory: 9331.60 MB used,  23393.22 MB free, 32724.82 MB total
[2019.11.27-18.17.16:988][  0]LogMemory: Virtual Memory: 4774.94 MB used,  23393.22 MB free, 134217728.00 MB total
[2019.11.27-18.17.17:011][  0]LogInit: Using OS detected language (en-US).
[2019.11.27-18.17.17:011][  0]LogInit: Using OS detected locale (en-US).
[2019.11.27-18.17.17:011][  0]LogTextLocalizationManager: No localization for 'en-US' exists, so 'en' will be used for the language.
[2019.11.27-18.17.17:011][  0]LogTextLocalizationManager: No localization for 'en-US' exists, so 'en' will be used for the locale.
[2019.11.27-18.17.17:480][  0]LogStreaming: Display: Took  0.469s to EndInitTextLocalization.
[2019.11.27-18.17.17:514][  0]LogSlate: New Slate User Created.  User Index 0, Is Virtual User: 0
[2019.11.27-18.17.17:514][  0]LogSlate: Slate User Registered.  User Index 0, Is Virtual User: 0
[2019.11.27-18.17.17:519][  0]LogD3D11RHI: D3D11 adapters:
[2019.11.27-18.17.17:587][  0]LogD3D11RHI:    0. 'NVIDIA GeForce GTX 980M' (Feature Level 11_0)
[2019.11.27-18.17.17:587][  0]LogD3D11RHI:       8144/0/16362 MB DedicatedVideo/DedicatedSystem/SharedSystem, Outputs:1, VendorId:0x10de
[2019.11.27-18.17.17:589][  0]LogD3D11RHI:    1. 'Microsoft Basic Render Driver' (Feature Level 11_0)
[2019.11.27-18.17.17:589][  0]LogD3D11RHI:       0/0/16362 MB DedicatedVideo/DedicatedSystem/SharedSystem, Outputs:0, VendorId:0x1414
[2019.11.27-18.17.17:589][  0]LogD3D11RHI: Chosen D3D11 Adapter: 0
[2019.11.27-18.17.17:597][  0]LogD3D11RHI: Creating new Direct3DDevice
[2019.11.27-18.17.17:597][  0]LogD3D11RHI:     GPU DeviceId: 0x1617 (for the marketing name, search the web for "GPU Device Id")
[2019.11.27-18.17.17:597][  0]LogWindows: EnumDisplayDevices:
[2019.11.27-18.17.17:598][  0]LogWindows:    0. 'NVIDIA GeForce GTX 980M' (P:1 D:1)
[2019.11.27-18.17.17:598][  0]LogWindows:    1. 'NVIDIA GeForce GTX 980M' (P:0 D:0)
[2019.11.27-18.17.17:598][  0]LogWindows:    2. 'NVIDIA GeForce GTX 980M' (P:0 D:0)
[2019.11.27-18.17.17:598][  0]LogWindows:    3. 'NVIDIA GeForce GTX 980M' (P:0 D:0)
[2019.11.27-18.17.17:598][  0]LogWindows: DebugString: GetVideoDriverDetailsInvalid PrimaryIsNotTheChoosenAdapter GetVideoDriverDetailsInvalid PrimaryIsNotTheChoosenAdapter GetVideoDriverDetailsInvalid PrimaryIsNotTheChoosenAdapter GetVideoDriverDetailsInvalid PrimaryIsNotTheChoosenAdapter FoundDriverCount:0 
[2019.11.27-18.17.17:598][  0]LogD3D11RHI:     Adapter Name: NVIDIA GeForce GTX 980M
[2019.11.27-18.17.17:598][  0]LogD3D11RHI:   Driver Version: Unknown (internal:Unknown, unified:Unknown)
[2019.11.27-18.17.17:598][  0]LogD3D11RHI:      Driver Date: Unknown
[2019.11.27-18.17.17:598][  0]LogRHI: Texture pool is 5701 MB (70% of 8144 MB)
[2019.11.27-18.17.17:649][  0]LogD3D11RHI: [Aftermath] Aftermath enabled and primed
[2019.11.27-18.17.17:649][  0]LogD3D11RHI: [Aftermath] Aftermath enabled and primed
[2019.11.27-18.17.17:650][  0]LogD3D11RHI: Async texture creation enabled
[2019.11.27-18.17.17:670][  0]LogD3D11RHI: GPU Timing Frequency: 1000.000000 (Debug: 2 1)
[2019.11.27-18.17.17:798][  0]LogFlex: Display: Initialized Flex with GPU: NVIDIA GeForce GTX 980M
[2019.11.27-18.17.17:798][  0]LogShaderCompilers: Guid format shader working directory is 25 characters bigger than the processId version (../../../FlexProject/Intermediate/Shaders/WorkingDirectory/12612/).
[2019.11.27-18.17.17:799][  0]LogShaderCompilers: Cleaned the shader compiler working directory 'C:/Users/valen/AppData/Local/Temp/UnrealShaderWorkingDir/A049A6044205BCA2F684939331813492/'.
[2019.11.27-18.17.18:044][  0]LogTemp: Display: Loaded TP WindowsClientTargetPlatform
[2019.11.27-18.17.18:057][  0]LogTemp: Display: Loaded TP WindowsNoEditorTargetPlatform
[2019.11.27-18.17.18:069][  0]LogTemp: Display: Loaded TP WindowsServerTargetPlatform
[2019.11.27-18.17.18:076][  0]LogTemp: Display: Loaded TP WindowsTargetPlatform
[2019.11.27-18.17.18:076][  0]LogTargetPlatformManager: Display: Building Assets For Windows
[2019.11.27-18.17.18:206][  0]LogXGEController: Cannot use XGE Controller as Incredibuild is not installed on this machine.
[2019.11.27-18.17.18:206][  0]LogShaderCompilers: Cannot use XGE Shader Compiler as Incredibuild is not installed on this machine.
[2019.11.27-18.17.18:206][  0]LogShaderCompilers: Display: Using Local Shader Compiler.
[2019.11.27-18.17.19:029][  0]LogDerivedDataCache: Display: Max Cache Size: 512 MB
[2019.11.27-18.17.19:097][  0]LogDerivedDataCache: Loaded boot cache 0.07s 76MB ../../../FlexProject/DerivedDataCache/Boot.ddc.
[2019.11.27-18.17.19:097][  0]LogDerivedDataCache: Display: Loaded Boot cache: ../../../FlexProject/DerivedDataCache/Boot.ddc
[2019.11.27-18.17.19:097][  0]LogDerivedDataCache: FDerivedDataBackendGraph:  Pak pak cache file ../../../FlexProject/DerivedDataCache/DDC.ddp not found, will not use a pak cache.
[2019.11.27-18.17.19:097][  0]LogDerivedDataCache: Unable to find inner node Pak for hierarchical cache Hierarchy.
[2019.11.27-18.17.19:098][  0]LogDerivedDataCache: FDerivedDataBackendGraph:  EnginePak pak cache file ../../../Engine/DerivedDataCache/DDC.ddp not found, will not use a pak cache.
[2019.11.27-18.17.19:098][  0]LogDerivedDataCache: Unable to find inner node EnginePak for hierarchical cache Hierarchy.
[2019.11.27-18.17.19:110][  0]LogDerivedDataCache: Using Local data cache path ../../../Engine/DerivedDataCache: Writable
[2019.11.27-18.17.19:110][  0]LogDerivedDataCache: Shared data cache path not found in *engine.ini, will not use an Shared cache.
[2019.11.27-18.17.19:110][  0]LogDerivedDataCache: Unable to find inner node Shared for hierarchical cache Hierarchy.
[2019.11.27-18.17.19:126][  0]LogMaterial: Verifying Global Shaders for PCD3D_SM5
[2019.11.27-18.17.19:126][  0]LogSlate: Using Freetype 2.6.0
[2019.11.27-18.17.19:127][  0]LogSlate: SlateFontCache - WITH_FREETYPE: 1, WITH_HARFBUZZ: 1
[2019.11.27-18.17.19:127][  0]LogSlate: SlateFontCache - WITH_FREETYPE: 1, WITH_HARFBUZZ: 1
[2019.11.27-18.17.19:269][  0]LogAssetRegistry: FAssetRegistry took 0.0068 seconds to start up
[2019.11.27-18.17.19:555][  0]LogPackageLocalizationCache: Processed 9 localized package path(s) for 1 prioritized culture(s) in 0.010366 seconds
[2019.11.27-18.17.19:667][  0]LogInit: Selected Device Profile: [Windows]
[2019.11.27-18.17.19:857][  0]LogMeshReduction: Using QuadricMeshReduction for automatic static mesh reduction
[2019.11.27-18.17.19:857][  0]LogMeshReduction: No automatic skeletal mesh reduction module available
[2019.11.27-18.17.19:857][  0]LogMeshReduction: No automatic mesh merging module available
[2019.11.27-18.17.19:857][  0]LogMeshReduction: No distributed automatic mesh merging module available
[2019.11.27-18.17.19:857][  0]LogMeshMerging: No automatic mesh merging module available
[2019.11.27-18.17.19:857][  0]LogMeshMerging: No distributed automatic mesh merging module available
[2019.11.27-18.17.19:894][  0]LogNetVersion: FlexProject , NetCL: 0, EngineNetVer: 2, GameNetVer: 0 (Checksum: 2459518851)
[2019.11.27-18.17.20:627][  0]LogMoviePlayer: Initializing movie player
[2019.11.27-18.17.20:928][  0]LogTcpMessaging: Initializing TcpMessaging bridge
[2019.11.27-18.17.20:962][  0]LogUdpMessaging: Initializing bridge on interface 0.0.0.0:0 to multicast group 230.0.0.1:6666.
[2019.11.27-18.17.21:217][  0]SourceControl: Source control is disabled
[2019.11.27-18.17.21:217][  0]SourceControl: Source control is disabled
[2019.11.27-18.17.21:238][  0]SourceControl: Source control is disabled
[2019.11.27-18.17.21:687][  0]LogAndroidPermission: UAndroidPermissionCallbackProxy::GetInstance
[2019.11.27-18.17.21:882][  0]LogOcInput: OculusInput pre-init called
[2019.11.27-18.17.21:928][  0]LogUObjectArray: 40346 objects as part of root set at end of initial load.
[2019.11.27-18.17.21:928][  0]LogUObjectAllocator: 8430584 out of 0 bytes used by permanent object pool.
[2019.11.27-18.17.21:928][  0]LogUObjectArray: CloseDisregardForGC: 0/0 objects in disregard for GC pool
[2019.11.27-18.17.21:987][  0]LogEngine: Initializing Engine...
[2019.11.27-18.17.21:988][  0]LogHMD: Failed to initialize OpenVR with code 110
[2019.11.27-18.17.22:001][  0]LogStats: UGameplayTagsManager::ConstructGameplayTagTree: Construct from data asset -  0.000 s
[2019.11.27-18.17.22:001][  0]LogStats: UGameplayTagsManager::ConstructGameplayTagTree: GameplayTagTreeChangedEvent.Broadcast -  0.000 s
[2019.11.27-18.17.22:237][  0]LogInit: XAudio2 using 'Speakers (Realtek High Definition Audio)' : 2 channels at 48 kHz using 32 bits per sample (channel mask 0x3)
[2019.11.27-18.17.22:277][  0]LogInit: FAudioDevice initialized.
[2019.11.27-18.17.22:300][  0]LogInit: Texture streaming: Enabled
[2019.11.27-18.17.22:450][  0]LogInit: Display: Game Engine Initialized.
[2019.11.27-18.17.22:450][  0]LogGameplayTags: Display: UGameplayTagsManager::DoneAddingNativeTags. DelegateIsBound: 0
[2019.11.27-18.17.22:450][  0]LogStats: UGameplayTagsManager::ConstructGameplayTagTree: Construct from data asset -  0.000 s
[2019.11.27-18.17.22:450][  0]LogStats: UGameplayTagsManager::ConstructGameplayTagTree: GameplayTagTreeChangedEvent.Broadcast -  0.000 s
[2019.11.27-18.17.22:572][  0]LogInit: Display: Starting Game.
[2019.11.27-18.17.22:572][  0]LogNet: Browse: /Game/Maps/flexFluidTestMap?Name=Player
[2019.11.27-18.17.22:572][  0]LogLoad: LoadMap: /Game/Maps/flexFluidTestMap?Name=Player
[2019.11.27-18.17.22:591][  0]LogUObjectGlobals: Created PersistentFrame Addr=0x000001f2fab2be40, Size=448, Default__flexFluidTestMap_C Function /Game/Maps/flexFluidTestMap.flexFluidTestMap_C:ExecuteUbergraph_flexFluidTestMap
[2019.11.27-18.17.22:601][  0]LogUObjectGlobals: Created PersistentFrame Addr=0x000001f28fc80dc0, Size=8, Default__flexRadialHardAttach_C Function /Game/TestPackages/Flex/flexRadialHardAttach.flexRadialHardAttach_C:ExecuteUbergraph_flexRadialHardAttach
[2019.11.27-18.17.22:681][  0]LogUObjectGlobals: Destroyed PersistentFrame Addr=0x000001f28fc80dc0, Size=8
[2019.11.27-18.17.22:681][  0]LogUObjectGlobals: Created PersistentFrame Addr=0x000001f294e09ee0, Size=8, Default__flexRadialHardAttach_C Function /Engine/Transient.REINST_flexRadialHardAttach_C_4:ExecuteUbergraph_flexRadialHardAttach
[2019.11.27-18.17.22:695][  0]LogUObjectGlobals: Created PersistentFrame Addr=0x000001f2e8ed9558, Size=24, Default__flexRadialForce_C Function /Game/TestPackages/Flex/flexRadialForce.flexRadialForce_C:ExecuteUbergraph_flexRadialForce
[2019.11.27-18.17.22:696][  0]LogUObjectGlobals: Created PersistentFrame Addr=0x000001f294e083e0, Size=8, Default__flexRadialHardAttach_C Function /Game/TestPackages/Flex/flexRadialHardAttach.flexRadialHardAttach_C:ExecuteUbergraph_flexRadialHardAttach
[2019.11.27-18.17.22:701][  0]LogUObjectGlobals: Destroyed PersistentFrame Addr=0x000001f2fab2be40, Size=448
[2019.11.27-18.17.22:701][  0]LogUObjectGlobals: Created PersistentFrame Addr=0x000001f289e57e40, Size=448, Default__flexFluidTestMap_C Function /Engine/Transient.REINST_flexFluidTestMap_C_9:ExecuteUbergraph_flexFluidTestMap
[2019.11.27-18.17.22:703][  0]LogUObjectGlobals: Created PersistentFrame Addr=0x000001f289e57740, Size=448, Default__flexFluidTestMap_C Function /Game/Maps/flexFluidTestMap.flexFluidTestMap_C:ExecuteUbergraph_flexFluidTestMap
[2019.11.27-18.17.22:799][  0]LogAIModule: Creating AISystem for world flexFluidTestMap
[2019.11.27-18.17.22:851][  0]LogBlueprint: Warning: Node '/Game/Blueprints/MyCharacter.MyCharacter:EdGraph_0.K2Node_FunctionEntry_19' missing NodeGuid because of upgrade from old package version, this can cause deterministic cooking issues please resave package.
[2019.11.27-18.17.22:853][  0]LogUObjectGlobals: Created PersistentFrame Addr=0x000001f297b5b330, Size=72, Default__HeroTPP_AnimBlueprint_C Function /Game/Character/HeroTPP_AnimBlueprint.HeroTPP_AnimBlueprint_C:ExecuteUbergraph_HeroTPP_AnimBlueprint
[2019.11.27-18.17.22:854][  0]LogUObjectGlobals: Created PersistentFrame Addr=0x000001f297c3d080, Size=272, Default__MyCharacter_C Function /Game/Blueprints/MyCharacter.MyCharacter_C:ExecuteUbergraph_MyCharacter
[2019.11.27-18.17.22:865][  0]LogBlueprint: Warning: Node '/Game/Blueprints/MyGame.MyGame:UserConstructionScript.K2Node_FunctionEntry_34' missing NodeGuid because of upgrade from old package version, this can cause deterministic cooking issues please resave package.
[2019.11.27-18.17.22:865][  0]LogBlueprint: Warning: Node '/Game/Character/HeroTPP_AnimBlueprint.HeroTPP_AnimBlueprint:AnimGraph.AnimGraphNode_StateMachine_1.Default.AnimStateNode_1.Idle/Run.AnimGraphNode_BlendSpacePlayer_9' missing NodeGuid because of upgrade from old package version, this can cause deterministic cooking issues please resave package.
[2019.11.27-18.17.22:865][  0]LogBlueprint: Warning: Node '/Game/Character/HeroTPP_AnimBlueprint.HeroTPP_AnimBlueprint:AnimGraph.AnimGraphNode_Root_5' missing NodeGuid because of upgrade from old package version, this can cause deterministic cooking issues please resave package.
[2019.11.27-18.17.22:865][  0]LogBlueprint: Warning: Node '/Game/Character/HeroTPP_AnimBlueprint.HeroTPP_AnimBlueprint:AnimGraph.AnimGraphNode_StateMachine_1.Default.AnimStateNode_4.JumpStart.AnimGraphNode_SequencePlayer_34' missing NodeGuid because of upgrade from old package version, this can cause deterministic cooking issues please resave package.
[2019.11.27-18.17.22:865][  0]LogBlueprint: Warning: Node '/Game/Character/HeroTPP_AnimBlueprint.HeroTPP_AnimBlueprint:AnimGraph.AnimGraphNode_StateMachine_1.Default.AnimStateNode_6.JumpLoop.AnimGraphNode_SequencePlayer_40' missing NodeGuid because of upgrade from old package version, this can cause deterministic cooking issues please resave package.
[2019.11.27-18.17.22:865][  0]LogBlueprint: Warning: Node '/Game/Character/HeroTPP_AnimBlueprint.HeroTPP_AnimBlueprint:AnimGraph.AnimGraphNode_StateMachine_1.Default.AnimStateNode_8.JumpEnd.AnimGraphNode_SequencePlayer_46' missing NodeGuid because of upgrade from old package version, this can cause deterministic cooking issues please resave package.
[2019.11.27-18.17.22:866][  0]LogBlueprint: Warning: Node '/Game/Character/HeroTPP_AnimBlueprint.HeroTPP_AnimBlueprint:AnimGraph.AnimGraphNode_StateMachine_1' missing NodeGuid because of upgrade from old package version, this can cause deterministic cooking issues please resave package.
[2019.11.27-18.17.22:866][  0]LogBlueprint: Warning: Node '/Game/Character/HeroTPP_AnimBlueprint.HeroTPP_AnimBlueprint:AnimGraph.AnimGraphNode_StateMachine_1.Default.AnimStateNode_1.Idle/Run.AnimGraphNode_StateResult_0' missing NodeGuid because of upgrade from old package version, this can cause deterministic cooking issues please resave package.
[2019.11.27-18.17.22:866][  0]LogBlueprint: Warning: Node '/Game/Character/HeroTPP_AnimBlueprint.HeroTPP_AnimBlueprint:AnimGraph.AnimGraphNode_StateMachine_1.Default.AnimStateNode_4.JumpStart.AnimGraphNode_StateResult_9' missing NodeGuid because of upgrade from old package version, this can cause deterministic cooking issues please resave package.
[2019.11.27-18.17.22:866][  0]LogBlueprint: Warning: Node '/Game/Character/HeroTPP_AnimBlueprint.HeroTPP_AnimBlueprint:AnimGraph.AnimGraphNode_StateMachine_1.Default.AnimStateNode_6.JumpLoop.AnimGraphNode_StateResult_16' missing NodeGuid because of upgrade from old package version, this can cause deterministic cooking issues please resave package.
[2019.11.27-18.17.22:866][  0]LogBlueprint: Warning: Node '/Game/Character/HeroTPP_AnimBlueprint.HeroTPP_AnimBlueprint:AnimGraph.AnimGraphNode_StateMachine_1.Default.AnimStateNode_8.JumpEnd.AnimGraphNode_StateResult_26' missing NodeGuid because of upgrade from old package version, this can cause deterministic cooking issues please resave package.
[2019.11.27-18.17.22:866][  0]LogBlueprint: Warning: Node '/Game/Character/HeroTPP_AnimBlueprint.HeroTPP_AnimBlueprint:AnimGraph.AnimGraphNode_StateMachine_1.Default.AnimStateTransitionNode_1.Transition.AnimGraphNode_TransitionResult_0' missing NodeGuid because of upgrade from old package version, this can cause deterministic cooking issues please resave package.
[2019.11.27-18.17.22:866][  0]LogBlueprint: Warning: Node '/Game/Character/HeroTPP_AnimBlueprint.HeroTPP_AnimBlueprint:AnimGraph.AnimGraphNode_StateMachine_1.Default.AnimStateTransitionNode_3.Transition.AnimGraphNode_TransitionResult_3' missing NodeGuid because of upgrade from old package version, this can cause deterministic cooking issues please resave package.
[2019.11.27-18.17.22:866][  0]LogBlueprint: Warning: Node '/Game/Character/HeroTPP_AnimBlueprint.HeroTPP_AnimBlueprint:AnimGraph.AnimGraphNode_StateMachine_1.Default.AnimStateTransitionNode_5.Transition.AnimGraphNode_TransitionResult_9' missing NodeGuid because of upgrade from old package version, this can cause deterministic cooking issues please resave package.
[2019.11.27-18.17.22:866][  0]LogBlueprint: Warning: Node '/Game/Character/HeroTPP_AnimBlueprint.HeroTPP_AnimBlueprint:AnimGraph.AnimGraphNode_StateMachine_1.Default.AnimStateTransitionNode_7.Transition.AnimGraphNode_TransitionResult_18' missing NodeGuid because of upgrade from old package version, this can cause deterministic cooking issues please resave package.
[2019.11.27-18.17.22:866][  0]LogBlueprint: Warning: Node '/Game/Character/HeroTPP_AnimBlueprint.HeroTPP_AnimBlueprint:AnimGraph.AnimGraphNode_StateMachine_1.Default.AnimStateEntryNode_0' missing NodeGuid because of upgrade from old package version, this can cause deterministic cooking issues please resave package.
[2019.11.27-18.17.22:866][  0]LogBlueprint: Warning: Node '/Game/Character/HeroTPP_AnimBlueprint.HeroTPP_AnimBlueprint:AnimGraph.AnimGraphNode_StateMachine_1.Default.AnimStateNode_1' missing NodeGuid because of upgrade from old package version, this can cause deterministic cooking issues please resave package.
[2019.11.27-18.17.22:866][  0]LogBlueprint: Warning: Node '/Game/Character/HeroTPP_AnimBlueprint.HeroTPP_AnimBlueprint:AnimGraph.AnimGraphNode_StateMachine_1.Default.AnimStateNode_4' missing NodeGuid because of upgrade from old package version, this can cause deterministic cooking issues please resave package.
[2019.11.27-18.17.22:866][  0]LogBlueprint: Warning: Node '/Game/Character/HeroTPP_AnimBlueprint.HeroTPP_AnimBlueprint:AnimGraph.AnimGraphNode_StateMachine_1.Default.AnimStateNode_6' missing NodeGuid because of upgrade from old package version, this can cause deterministic cooking issues please resave package.
[2019.11.27-18.17.22:866][  0]LogBlueprint: Warning: Node '/Game/Character/HeroTPP_AnimBlueprint.HeroTPP_AnimBlueprint:AnimGraph.AnimGraphNode_StateMachine_1.Default.AnimStateNode_8' missing NodeGuid because of upgrade from old package version, this can cause deterministic cooking issues please resave package.
[2019.11.27-18.17.22:866][  0]LogBlueprint: Warning: Node '/Game/Character/HeroTPP_AnimBlueprint.HeroTPP_AnimBlueprint:AnimGraph.AnimGraphNode_StateMachine_1.Default.AnimStateTransitionNode_1' missing NodeGuid because of upgrade from old package version, this can cause deterministic cooking issues please resave package.
[2019.11.27-18.17.22:866][  0]LogBlueprint: Warning: Node '/Game/Character/HeroTPP_AnimBlueprint.HeroTPP_AnimBlueprint:AnimGraph.AnimGraphNode_StateMachine_1.Default.AnimStateTransitionNode_3' missing NodeGuid because of upgrade from old package version, this can cause deterministic cooking issues please resave package.
[2019.11.27-18.17.22:866][  0]LogBlueprint: Warning: Node '/Game/Character/HeroTPP_AnimBlueprint.HeroTPP_AnimBlueprint:AnimGraph.AnimGraphNode_StateMachine_1.Default.AnimStateTransitionNode_5' missing NodeGuid because of upgrade from old package version, this can cause deterministic cooking issues please resave package.
[2019.11.27-18.17.22:866][  0]LogBlueprint: Warning: Node '/Game/Character/HeroTPP_AnimBlueprint.HeroTPP_AnimBlueprint:AnimGraph.AnimGraphNode_StateMachine_1.Default.AnimStateTransitionNode_7' missing NodeGuid because of upgrade from old package version, this can cause deterministic cooking issues please resave package.
[2019.11.27-18.17.22:866][  0]LogBlueprint: Warning: Node '/Game/Character/HeroTPP_AnimBlueprint.HeroTPP_AnimBlueprint:EventGraph.EdGraphNode_Comment_19' missing NodeGuid because of upgrade from old package version, this can cause deterministic cooking issues please resave package.
[2019.11.27-18.17.22:866][  0]LogBlueprint: Warning: Node '/Game/Character/HeroTPP_AnimBlueprint.HeroTPP_AnimBlueprint:EventGraph.K2Node_Comment_22' missing NodeGuid because of upgrade from old package version, this can cause deterministic cooking issues please resave package.
[2019.11.27-18.17.22:866][  0]LogBlueprint: Warning: Node '/Game/Character/HeroTPP_AnimBlueprint.HeroTPP_AnimBlueprint:EventGraph.K2Node_Comment_25' missing NodeGuid because of upgrade from old package version, this can cause deterministic cooking issues please resave package.
[2019.11.27-18.17.22:866][  0]LogBlueprint: Warning: Node '/Game/Character/HeroTPP_AnimBlueprint.HeroTPP_AnimBlueprint:AnimGraph.AnimGraphNode_StateMachine_1.Default.AnimStateTransitionNode_3.Transition.K2Node_CallFunction_7960' missing NodeGuid because of upgrade from old package version, this can cause deterministic cooking issues please resave package.
[2019.11.27-18.17.22:866][  0]LogBlueprint: Warning: Node '/Game/Character/HeroTPP_AnimBlueprint.HeroTPP_AnimBlueprint:AnimGraph.AnimGraphNode_StateMachine_1.Default.AnimStateTransitionNode_5.Transition.K2Node_CallFunction_8008' missing NodeGuid because of upgrade from old package version, this can cause deterministic cooking issues please resave package.
[2019.11.27-18.17.22:866][  0]LogBlueprint: Warning: Node '/Game/Character/HeroTPP_AnimBlueprint.HeroTPP_AnimBlueprint:AnimGraph.AnimGraphNode_StateMachine_1.Default.AnimStateTransitionNode_7.Transition.K2Node_CallFunction_8428' missing NodeGuid because of upgrade from old package version, this can cause deterministic cooking issues please resave package.
[2019.11.27-18.17.22:866][  0]LogBlueprint: Warning: Node '/Game/Character/HeroTPP_AnimBlueprint.HeroTPP_AnimBlueprint:EventGraph.K2Node_CallFunction_11813' missing NodeGuid because of upgrade from old package version, this can cause deterministic cooking issues please resave package.
[2019.11.27-18.17.22:866][  0]LogBlueprint: Warning: Node '/Game/Character/HeroTPP_AnimBlueprint.HeroTPP_AnimBlueprint:EventGraph.K2Node_CallFunction_11990' missing NodeGuid because of upgrade from old package version, this can cause deterministic cooking issues please resave package.
[2019.11.27-18.17.22:866][  0]LogBlueprint: Warning: Node '/Game/Character/HeroTPP_AnimBlueprint.HeroTPP_AnimBlueprint:EventGraph.K2Node_CallFunction_2246' missing NodeGuid because of upgrade from old package version, this can cause deterministic cooking issues please resave package.
[2019.11.27-18.17.22:867][  0]LogBlueprint: Warning: Node '/Game/Character/HeroTPP_AnimBlueprint.HeroTPP_AnimBlueprint:EventGraph.K2Node_CallFunction_2731' missing NodeGuid because of upgrade from old package version, this can cause deterministic cooking issues please resave package.
[2019.11.27-18.17.22:867][  0]LogBlueprint: Warning: Node '/Game/Character/HeroTPP_AnimBlueprint.HeroTPP_AnimBlueprint:EventGraph.K2Node_CallFunction_846' missing NodeGuid because of upgrade from old package version, this can cause deterministic cooking issues please resave package.
[2019.11.27-18.17.22:867][  0]LogBlueprint: Warning: Node '/Game/Character/HeroTPP_AnimBlueprint.HeroTPP_AnimBlueprint:EventGraph.K2Node_Event_14' missing NodeGuid because of upgrade from old package version, this can cause deterministic cooking issues please resave package.
[2019.11.27-18.17.22:867][  0]LogBlueprint: Warning: Node '/Game/Character/HeroTPP_AnimBlueprint.HeroTPP_AnimBlueprint:EventGraph.K2Node_MacroInstance_40' missing NodeGuid because of upgrade from old package version, this can cause deterministic cooking issues please resave package.
[2019.11.27-18.17.22:867][  0]LogBlueprint: Warning: Node '/Game/Character/HeroTPP_AnimBlueprint.HeroTPP_AnimBlueprint:AnimGraph.AnimGraphNode_StateMachine_1.Default.AnimStateTransitionNode_3.Transition.K2Node_TransitionRuleGetter_44' missing NodeGuid because of upgrade from old package version, this can cause deterministic cooking issues please resave package.
[2019.11.27-18.17.22:867][  0]LogBlueprint: Warning: Node '/Game/Character/HeroTPP_AnimBlueprint.HeroTPP_AnimBlueprint:AnimGraph.AnimGraphNode_StateMachine_1.Default.AnimStateTransitionNode_7.Transition.K2Node_TransitionRuleGetter_53' missing NodeGuid because of upgrade from old package version, this can cause deterministic cooking issues please resave package.
[2019.11.27-18.17.22:867][  0]LogBlueprint: Warning: Node '/Game/Character/HeroTPP_AnimBlueprint.HeroTPP_AnimBlueprint:AnimGraph.AnimGraphNode_StateMachine_1.Default.AnimStateNode_1.Idle/Run.K2Node_VariableGet_75' missing NodeGuid because of upgrade from old package version, this can cause deterministic cooking issues please resave package.
[2019.11.27-18.17.22:867][  0]LogBlueprint: Warning: Node '/Game/Character/HeroTPP_AnimBlueprint.HeroTPP_AnimBlueprint:AnimGraph.AnimGraphNode_StateMachine_1.Default.AnimStateTransitionNode_1.Transition.K2Node_VariableGet_120' missing NodeGuid because of upgrade from old package version, this can cause deterministic cooking issues please resave package.
[2019.11.27-18.17.22:867][  0]LogBlueprint: Warning: Node '/Game/Character/HeroTPP_AnimBlueprint.HeroTPP_AnimBlueprint:AnimGraph.AnimGraphNode_StateMachine_1.Default.AnimStateTransitionNode_5.Transition.K2Node_VariableGet_122' missing NodeGuid because of upgrade from old package version, this can cause deterministic cooking issues please resave package.
[2019.11.27-18.17.22:867][  0]LogBlueprint: Warning: Node '/Game/Character/HeroTPP_AnimBlueprint.HeroTPP_AnimBlueprint:EventGraph.K2Node_VariableSet_24' missing NodeGuid because of upgrade from old package version, this can cause deterministic cooking issues please resave package.
[2019.11.27-18.17.22:867][  0]LogBlueprint: Warning: Node '/Game/Character/HeroTPP_AnimBlueprint.HeroTPP_AnimBlueprint:EventGraph.K2Node_VariableSet_64' missing NodeGuid because of upgrade from old package version, this can cause deterministic cooking issues please resave package.
[2019.11.27-18.17.22:867][  0]LogBlueprint: Warning: Node '/Game/Blueprints/MyCharacter.MyCharacter:EventGraph.EdGraphNode_Comment_42' missing NodeGuid because of upgrade from old package version, this can cause deterministic cooking issues please resave package.
[2019.11.27-18.17.22:867][  0]LogBlueprint: Warning: Node '/Game/Blueprints/MyCharacter.MyCharacter:EventGraph.EdGraphNode_Comment_93' missing NodeGuid because of upgrade from old package version, this can cause deterministic cooking issues please resave package.
[2019.11.27-18.17.22:867][  0]LogBlueprint: Warning: Node '/Game/Blueprints/MyCharacter.MyCharacter:EventGraph.K2Node_Comment_1' missing NodeGuid because of upgrade from old package version, this can cause deterministic cooking issues please resave package.
[2019.11.27-18.17.22:867][  0]LogBlueprint: Warning: Node '/Game/Blueprints/MyCharacter.MyCharacter:EventGraph.K2Node_Comment_39' missing NodeGuid because of upgrade from old package version, this can cause deterministic cooking issues please resave package.
[2019.11.27-18.17.22:867][  0]LogBlueprint: Warning: Node '/Game/Blueprints/MyCharacter.MyCharacter:EventGraph.K2Node_Comment_56' missing NodeGuid because of upgrade from old package version, this can cause deterministic cooking issues please resave package.
[2019.11.27-18.17.22:868][  0]LogBlueprint: Warning: Node '/Game/Blueprints/MyCharacter.MyCharacter:EventGraph.K2Node_CallFunction_1193' missing NodeGuid because of upgrade from old package version, this can cause deterministic cooking issues please resave package.
[2019.11.27-18.17.22:868][  0]LogBlueprint: Warning: Node '/Game/Blueprints/MyCharacter.MyCharacter:EventGraph.K2Node_CallFunction_20844' missing NodeGuid because of upgrade from old package version, this can cause deterministic cooking issues please resave package.
[2019.11.27-18.17.22:868][  0]LogBlueprint: Warning: Node '/Game/Blueprints/MyCharacter.MyCharacter:EventGraph.K2Node_CallFunction_21305' missing NodeGuid because of upgrade from old package version, this can cause deterministic cooking issues please resave package.
[2019.11.27-18.17.22:868][  0]LogBlueprint: Warning: Node '/Game/Blueprints/MyCharacter.MyCharacter:EventGraph.K2Node_CallFunction_3334' missing NodeGuid because of upgrade from old package version, this can cause deterministic cooking issues please resave package.
[2019.11.27-18.17.22:868][  0]LogBlueprint: Warning: Node '/Game/Blueprints/MyCharacter.MyCharacter:EventGraph.K2Node_CallFunction_3716' missing NodeGuid because of upgrade from old package version, this can cause deterministic cooking issues please resave package.
[2019.11.27-18.17.22:868][  0]LogBlueprint: Warning: Node '/Game/Blueprints/MyCharacter.MyCharacter:EventGraph.K2Node_CallFunction_4184' missing NodeGuid because of upgrade from old package version, this can cause deterministic cooking issues please resave package.
[2019.11.27-18.17.22:868][  0]LogBlueprint: Warning: Node '/Game/Blueprints/MyCharacter.MyCharacter:EventGraph.K2Node_CallFunction_4223' missing NodeGuid because of upgrade from old package version, this can cause deterministic cooking issues please resave package.
[2019.11.27-18.17.22:868][  0]LogBlueprint: Warning: Node '/Game/Blueprints/MyCharacter.MyCharacter:EventGraph.K2Node_CallFunction_4678' missing NodeGuid because of upgrade from old package version, this can cause deterministic cooking issues please resave package.
[2019.11.27-18.17.22:868][  0]LogBlueprint: Warning: Node '/Game/Blueprints/MyCharacter.MyCharacter:EventGraph.K2Node_CallFunction_7346' missing NodeGuid because of upgrade from old package version, this can cause deterministic cooking issues please resave package.
[2019.11.27-18.17.22:868][  0]LogBlueprint: Warning: Node '/Game/Blueprints/MyCharacter.MyCharacter:EventGraph.K2Node_CallFunction_7445' missing NodeGuid because of upgrade from old package version, this can cause deterministic cooking issues please resave package.
[2019.11.27-18.17.22:868][  0]LogBlueprint: Warning: Node '/Game/Blueprints/MyCharacter.MyCharacter:EventGraph.K2Node_CallFunction_8160' missing NodeGuid because of upgrade from old package version, this can cause deterministic cooking issues please resave package.
[2019.11.27-18.17.22:868][  0]LogBlueprint: Warning: Node '/Game/Blueprints/MyCharacter.MyCharacter:EventGraph.K2Node_CallFunction_8427' missing NodeGuid because of upgrade from old package version, this can cause deterministic cooking issues please resave package.
[2019.11.27-18.17.22:868][  0]LogBlueprint: Warning: Node '/Game/Blueprints/MyCharacter.MyCharacter:EventGraph.K2Node_CallFunction_8428' missing NodeGuid because of upgrade from old package version, this can cause deterministic cooking issues please resave package.
[2019.11.27-18.17.22:868][  0]LogBlueprint: Warning: Node '/Game/Blueprints/MyCharacter.MyCharacter:EventGraph.K2Node_CallFunction_8733' missing NodeGuid because of upgrade from old package version, this can cause deterministic cooking issues please resave package.
[2019.11.27-18.17.22:868][  0]LogBlueprint: Warning: Node '/Game/Blueprints/MyCharacter.MyCharacter:EventGraph.K2Node_CallFunction_8767' missing NodeGuid because of upgrade from old package version, this can cause deterministic cooking issues please resave package.
[2019.11.27-18.17.22:868][  0]LogBlueprint: Warning: Node '/Game/Blueprints/MyCharacter.MyCharacter:EventGraph.K2Node_CallFunction_9386' missing NodeGuid because of upgrade from old package version, this can cause deterministic cooking issues please resave package.
[2019.11.27-18.17.22:868][  0]LogBlueprint: Warning: Node '/Game/Blueprints/MyCharacter.MyCharacter:EventGraph.K2Node_CallFunction_9755' missing NodeGuid because of upgrade from old package version, this can cause deterministic cooking issues please resave package.
[2019.11.27-18.17.22:868][  0]LogBlueprint: Warning: Node '/Game/Blueprints/MyCharacter.MyCharacter:EventGraph.K2Node_CommutativeAssociativeBinaryOperator_153' missing NodeGuid because of upgrade from old package version, this can cause deterministic cooking issues please resave package.
[2019.11.27-18.17.22:868][  0]LogBlueprint: Warning: Node '/Game/Blueprints/MyCharacter.MyCharacter:EventGraph.K2Node_CommutativeAssociativeBinaryOperator_155' missing NodeGuid because of upgrade from old package version, this can cause deterministic cooking issues please resave package.
[2019.11.27-18.17.22:868][  0]LogBlueprint: Warning: Node '/Game/Blueprints/MyCharacter.MyCharacter:EventGraph.K2Node_EnumEquality_7' missing NodeGuid because of upgrade from old package version, this can cause deterministic cooking issues please resave package.
[2019.11.27-18.17.22:868][  0]LogBlueprint: Warning: Node '/Game/Blueprints/MyCharacter.MyCharacter:UserConstructionScript.K2Node_FunctionEntry_19' missing NodeGuid because of upgrade from old package version, this can cause deterministic cooking issues please resave package.
[2019.11.27-18.17.22:868][  0]LogBlueprint: Warning: Node '/Game/Blueprints/MyCharacter.MyCharacter:EventGraph.K2Node_IfThenElse_18' missing NodeGuid because of upgrade from old package version, this can cause deterministic cooking issues please resave package.
[2019.11.27-18.17.22:868][  0]LogBlueprint: Warning: Node '/Game/Blueprints/MyCharacter.MyCharacter:EventGraph.K2Node_IfThenElse_19' missing NodeGuid because of upgrade from old package version, this can cause deterministic cooking issues please resave package.
[2019.11.27-18.17.22:868][  0]LogBlueprint: Warning: Node '/Game/Blueprints/MyCharacter.MyCharacter:EventGraph.K2Node_InputAction_60' missing NodeGuid because of upgrade from old package version, this can cause deterministic cooking issues please resave package.
[2019.11.27-18.17.22:868][  0]LogBlueprint: Warning: Node '/Game/Blueprints/MyCharacter.MyCharacter:EventGraph.K2Node_InputAxisEvent_42' missing NodeGuid because of upgrade from old package version, this can cause deterministic cooking issues please resave package.
[2019.11.27-18.17.22:868][  0]LogBlueprint: Warning: Node '/Game/Blueprints/MyCharacter.MyCharacter:EventGraph.K2Node_InputAxisEvent_43' missing NodeGuid because of upgrade from old package version, this can cause deterministic cooking issues please resave package.
[2019.11.27-18.17.22:868][  0]LogBlueprint: Warning: Node '/Game/Blueprints/MyCharacter.MyCharacter:EventGraph.K2Node_InputAxisEvent_50' missing NodeGuid because of upgrade from old package version, this can cause deterministic cooking issues please resave package.
[2019.11.27-18.17.22:868][  0]LogBlueprint: Warning: Node '/Game/Blueprints/MyCharacter.MyCharacter:EventGraph.K2Node_InputAxisEvent_55' missing NodeGuid because of upgrade from old package version, this can cause deterministic cooking issues please resave package.
[2019.11.27-18.17.22:868][  0]LogBlueprint: Warning: Node '/Game/Blueprints/MyCharacter.MyCharacter:EventGraph.K2Node_InputAxisEvent_85' missing NodeGuid because of upgrade from old package version, this can cause deterministic cooking issues please resave package.
[2019.11.27-18.17.22:868][  0]LogBlueprint: Warning: Node '/Game/Blueprints/MyCharacter.MyCharacter:EventGraph.K2Node_InputAxisEvent_95' missing NodeGuid because of upgrade from old package version, this can cause deterministic cooking issues please resave package.
[2019.11.27-18.17.22:868][  0]LogBlueprint: Warning: Node '/Game/Blueprints/MyCharacter.MyCharacter:EventGraph.K2Node_InputTouch_3' missing NodeGuid because of upgrade from old package version, this can cause deterministic cooking issues please resave package.
[2019.11.27-18.17.22:868][  0]LogBlueprint: Warning: Node '/Game/Blueprints/MyCharacter.MyCharacter:EventGraph.K2Node_VariableGet_91' missing NodeGuid because of upgrade from old package version, this can cause deterministic cooking issues please resave package.
[2019.11.27-18.17.22:869][  0]LogBlueprint: Warning: Node '/Game/Blueprints/MyCharacter.MyCharacter:EventGraph.K2Node_VariableGet_93' missing NodeGuid because of upgrade from old package version, this can cause deterministic cooking issues please resave package.
[2019.11.27-18.17.22:869][  0]LogSkeletalMesh: Skeletal Mesh found in DDC [0.665100ms] /Game/Character/HeroTPP.HeroTPP
[2019.11.27-18.17.22:871][  0]LogLoad: Game class is 'MyGame_C'
[2019.11.27-18.17.22:875][  0]LogWorld: Bringing World /Game/Maps/flexFluidTestMap.flexFluidTestMap up for play (max tick rate 0) at 2019.11.27-10.17.22
[2019.11.27-18.17.22:876][  0]LogFlex: Display: Creating FLEX container: flexFluidContainer
[2019.11.27-18.17.22:895][  0]LogWorld: Bringing up level for play took: 0.022748
[2019.11.27-18.17.22:896][  0]LogGameMode: Display: Match State Changed from EnteringMap to WaitingToStart
[2019.11.27-18.17.22:897][  0]LogGameState: Match State Changed from EnteringMap to WaitingToStart
[2019.11.27-18.17.22:897][  0]LogGameMode: Display: Match State Changed from WaitingToStart to InProgress
[2019.11.27-18.17.22:899][  0]LogGameState: Match State Changed from WaitingToStart to InProgress
[2019.11.27-18.17.22:899][  0]LogLoad: Took 0.326720 seconds to LoadMap(/Game/Maps/flexFluidTestMap)
[2019.11.27-18.17.22:953][  0]LogLoad: (Engine Initialization) Total time: 8.50 seconds
[2019.11.27-18.17.22:953][  0]LogLoad: (Engine Initialization) Total Blueprint compile time: 0.00 seconds
[2019.11.27-18.17.22:962][  0]LogRenderer: Reallocating scene render targets to support 1280x720 Format 10 NumSamples 1 (Frame:1).
[2019.11.27-18.17.23:020][  0]LogContentStreaming: Texture pool size now 1000 MB
[2019.11.27-18.17.56:217][ 46]LogSlate: Window 'FlexProject (64-bit, PCD3D_SM5) ' being destroyed
[2019.11.27-18.17.56:217][ 46]LogWindowsTextInputMethodSystem: Display: IME system now deactivated.
[2019.11.27-18.17.56:221][ 46]LogEngine: All Windows Closed
[2019.11.27-18.17.56:221][ 46]LogWindows: FPlatformMisc::RequestExit(0)
[2019.11.27-18.17.57:011][ 47]LogSlate: Slate User Destroyed.  User Index 0, Is Virtual User: 0
[2019.11.27-18.17.57:012][ 47]LogExit: Preparing to exit.
[2019.11.27-18.17.57:012][ 47]LogMoviePlayer: Shutting down movie player
[2019.11.27-18.17.58:012][ 47]LogFlex: Display: Destroying a FLEX system for..
[2019.11.27-18.17.58:013][ 47]LogExit: Game engine shut down
[2019.11.27-18.17.58:014][ 47]LogUObjectGlobals: Destroyed PersistentFrame Addr=0x000001f289e57e40, Size=448
[2019.11.27-18.17.58:015][ 47]LogUObjectGlobals: Destroyed PersistentFrame Addr=0x000001f294e09ee0, Size=8
[2019.11.27-18.17.58:015][ 47]LogUObjectGlobals: Destroyed PersistentFrame Addr=0x000001f2e8ed9558, Size=24
[2019.11.27-18.17.58:015][ 47]LogUObjectGlobals: Destroyed PersistentFrame Addr=0x000001f294e083e0, Size=8
[2019.11.27-18.17.58:015][ 47]LogUObjectGlobals: Destroyed PersistentFrame Addr=0x000001f289e57740, Size=448
[2019.11.27-18.17.58:015][ 47]LogUObjectGlobals: Destroyed PersistentFrame Addr=0x000001f297b5b330, Size=72
[2019.11.27-18.17.58:015][ 47]LogUObjectGlobals: Destroyed PersistentFrame Addr=0x000001f297c3d080, Size=272
[2019.11.27-18.17.58:059][ 47]LogExit: Object subsystem successfully closed.
[2019.11.27-18.17.58:108][ 47]LogShaderCompilers: Display: Shaders left to compile 0
[2019.11.27-18.17.58:111][ 47]LogD3D11RHI: Shutdown
[2019.11.27-18.17.58:111][ 47]LogD3D11RHI: CleanupD3DDevice
[2019.11.27-18.17.58:112][ 47]LogD3D11RHI: ~FD3D11DynamicRHI
[2019.11.27-18.17.58:125][ 47]LogModuleManager: Shutting down and abandoning module SequenceRecorderSections (330)
[2019.11.27-18.17.58:125][ 47]LogModuleManager: Shutting down and abandoning module SequenceRecorder (328)
[2019.11.27-18.17.58:125][ 47]LogModuleManager: Shutting down and abandoning module AutomationController (326)
[2019.11.27-18.17.58:126][ 47]LogModuleManager: Shutting down and abandoning module AutomationWorker (324)
[2019.11.27-18.17.58:126][ 47]LogModuleManager: Shutting down and abandoning module AIModule (322)
[2019.11.27-18.17.58:126][ 47]LogModuleManager: Shutting down and abandoning module GameplayDebugger (321)
[2019.11.27-18.17.58:126][ 47]LogModuleManager: Shutting down and abandoning module AITestSuite (319)
[2019.11.27-18.17.58:126][ 47]LogModuleManager: Shutting down and abandoning module WmfMediaFactory (316)
[2019.11.27-18.17.58:126][ 47]LogModuleManager: Shutting down and abandoning module OpenExrWrapper (314)
[2019.11.27-18.17.58:126][ 47]LogModuleManager: Shutting down and abandoning module ImgMediaFactory (312)
[2019.11.27-18.17.58:126][ 47]LogModuleManager: Shutting down and abandoning module AvfMediaFactory (310)
[2019.11.27-18.17.58:126][ 47]LogModuleManager: Shutting down and abandoning module CharacterAI (308)
[2019.11.27-18.17.58:126][ 47]LogModuleManager: Shutting down and abandoning module SessionServices (306)
[2019.11.27-18.17.58:126][ 47]LogModuleManager: Shutting down and abandoning module MovieSceneCapture (304)
[2019.11.27-18.17.58:126][ 47]LogModuleManager: Shutting down and abandoning module MovieSceneTracks (302)
[2019.11.27-18.17.58:126][ 47]LogModuleManager: Shutting down and abandoning module MovieScene (300)
[2019.11.27-18.17.58:126][ 47]LogModuleManager: Shutting down and abandoning module GeometryCache (298)
[2019.11.27-18.17.58:126][ 47]LogModuleManager: Shutting down and abandoning module GeometryCacheEd (297)
[2019.11.27-18.17.58:126][ 47]LogModuleManager: Shutting down and abandoning module StreamingPauseRendering (294)
[2019.11.27-18.17.58:126][ 47]LogModuleManager: Shutting down and abandoning module PortalServices (292)
[2019.11.27-18.17.58:126][ 47]LogModuleManager: Shutting down and abandoning module PortalRpc (290)
[2019.11.27-18.17.58:126][ 47]LogModuleManager: Shutting down and abandoning module MessagingRpc (288)
[2019.11.27-18.17.58:126][ 47]LogModuleManager: Shutting down and abandoning module ProfilerService (286)
[2019.11.27-18.17.58:263][ 47]LogModuleManager: Shutting down and abandoning module TaskGraph (284)
[2019.11.27-18.17.58:263][ 47]LogModuleManager: Shutting down and abandoning module SteamVRController (282)
[2019.11.27-18.17.58:263][ 47]LogModuleManager: Shutting down and abandoning module ProceduralMeshComponent (280)
[2019.11.27-18.17.58:263][ 47]LogModuleManager: Shutting down and abandoning module OculusInput (278)
[2019.11.27-18.17.58:263][ 47]LogModuleManager: Shutting down and abandoning module MobilePatchingUtils (276)
[2019.11.27-18.17.58:263][ 47]LogModuleManager: Shutting down and abandoning module CustomMeshComponent (274)
[2019.11.27-18.17.58:263][ 47]LogModuleManager: Shutting down and abandoning module CableComponent (272)
[2019.11.27-18.17.58:263][ 47]LogModuleManager: Shutting down and abandoning module AudioCapture (270)
[2019.11.27-18.17.58:263][ 47]LogModuleManager: Shutting down and abandoning module ArchVisCharacter (268)
[2019.11.27-18.17.58:263][ 47]LogModuleManager: Shutting down and abandoning module AndroidPermission (266)
[2019.11.27-18.17.58:263][ 47]LogModuleManager: Shutting down and abandoning module NUTUnrealEngine4 (262)
[2019.11.27-18.17.58:263][ 47]LogModuleManager: Shutting down and abandoning module NetcodeUnitTest (260)
[2019.11.27-18.17.58:263][ 47]LogModuleManager: Shutting down and abandoning module MediaCompositing (258)
[2019.11.27-18.17.58:264][ 47]LogModuleManager: Shutting down and abandoning module LinearTimecode (256)
[2019.11.27-18.17.58:264][ 47]LogModuleManager: Shutting down and abandoning module ImgMedia (254)
[2019.11.27-18.17.58:267][ 47]LogModuleManager: Shutting down and abandoning module HTML5Networking (252)
[2019.11.27-18.17.58:267][ 47]LogModuleManager: Shutting down and abandoning module DatasmithContent (250)
[2019.11.27-18.17.58:267][ 47]LogModuleManager: Shutting down and abandoning module CryptoKeysOpenSSL (248)
[2019.11.27-18.17.58:267][ 47]LogModuleManager: Shutting down and abandoning module CryptoKeys (246)
[2019.11.27-18.17.58:267][ 47]LogModuleManager: Shutting down and abandoning module VisualStudioSourceCodeAccess (244)
[2019.11.27-18.17.58:267][ 47]LogModuleManager: Shutting down and abandoning module HotReload (243)
[2019.11.27-18.17.58:267][ 47]LogModuleManager: Shutting down and abandoning module DirectoryWatcher (242)
[2019.11.27-18.17.58:267][ 47]LogModuleManager: Shutting down and abandoning module VisualStudioCodeSourceCodeAccess (238)
[2019.11.27-18.17.58:267][ 47]LogModuleManager: Shutting down and abandoning module UObjectPlugin (236)
[2019.11.27-18.17.58:267][ 47]LogModuleManager: Shutting down and abandoning module SubversionSourceControl (234)
[2019.11.27-18.17.58:267][ 47]LogModuleManager: Shutting down and abandoning module PerforceSourceControl (232)
[2019.11.27-18.17.58:267][ 47]LogModuleManager: Shutting down and abandoning module SourceControl (231)
[2019.11.27-18.17.58:267][ 47]LogModuleManager: Shutting down and abandoning module CLionSourceCodeAccess (228)
[2019.11.27-18.17.58:267][ 47]LogModuleManager: Shutting down and abandoning module RuntimePhysXCooking (226)
[2019.11.27-18.17.58:267][ 47]LogModuleManager: Shutting down and abandoning module PhysXVehiclesEditor (224)
[2019.11.27-18.17.58:267][ 47]LogModuleManager: Shutting down and abandoning module PhysXVehicles (222)
[2019.11.27-18.17.58:267][ 47]LogModuleManager: Shutting down and abandoning module LocationServicesBPLibrary (220)
[2019.11.27-18.17.58:267][ 47]LogModuleManager: Shutting down and abandoning module ImmediatePhysicsEditor (218)
[2019.11.27-18.17.58:267][ 47]LogModuleManager: Shutting down and abandoning module ImmediatePhysics (216)
[2019.11.27-18.17.58:267][ 47]LogModuleManager: Shutting down and abandoning module ActorSequence (214)
[2019.11.27-18.17.58:267][ 47]LogModuleManager: Shutting down and abandoning module UdpMessaging (212)
[2019.11.27-18.17.58:369][ 47]LogModuleManager: Shutting down and abandoning module TcpMessaging (210)
[2019.11.27-18.17.58:949][ 47]LogModuleManager: Shutting down and abandoning module GameplayTagsEditor (208)
[2019.11.27-18.17.58:950][ 47]LogModuleManager: Shutting down and abandoning module FacialAnimation (206)
[2019.11.27-18.17.58:950][ 47]LogModuleManager: Shutting down and abandoning module DataValidation (204)
[2019.11.27-18.17.58:950][ 47]LogModuleManager: Shutting down and abandoning module AssetManagerEditor (202)
[2019.11.27-18.17.58:950][ 47]LogModuleManager: Shutting down and abandoning module TreeMap (201)
[2019.11.27-18.17.58:950][ 47]LogModuleManager: Shutting down and abandoning module LightPropagationVolumeRuntime (198)
[2019.11.27-18.17.58:950][ 47]LogModuleManager: Shutting down and abandoning module LiveLink (196)
[2019.11.27-18.17.59:810][ 47]LogModuleManager: Shutting down and abandoning module Paper2D (194)
[2019.11.27-18.17.59:810][ 47]LogModuleManager: Shutting down and abandoning module PIEPreviewDeviceProfileSelector (192)
[2019.11.27-18.17.59:810][ 47]LogModuleManager: Shutting down and abandoning module WindowsMoviePlayer (190)
[2019.11.27-18.17.59:810][ 47]LogModuleManager: Shutting down and abandoning module WmfMedia (188)
[2019.11.27-18.17.59:812][ 47]LogModuleManager: Shutting down and abandoning module Media (187)
[2019.11.27-18.17.59:818][ 47]LogModuleManager: Shutting down and abandoning module PacketHandler (184)
[2019.11.27-18.17.59:818][ 47]LogModuleManager: Shutting down and abandoning module ClothingSystemEditor (182)
[2019.11.27-18.17.59:818][ 47]LogModuleManager: Shutting down and abandoning module ClothingSystemRuntime (180)
[2019.11.27-18.17.59:818][ 47]LogModuleManager: Shutting down and abandoning module MediaAssets (178)
[2019.11.27-18.17.59:818][ 47]LogModuleManager: Shutting down and abandoning module Overlay (176)
[2019.11.27-18.17.59:818][ 47]LogModuleManager: Shutting down and abandoning module OverlayEditor (175)
[2019.11.27-18.17.59:818][ 47]LogModuleManager: Shutting down and abandoning module VREditor (172)
[2019.11.27-18.17.59:818][ 47]LogModuleManager: Shutting down and abandoning module StringTableEditor (170)
[2019.11.27-18.17.59:818][ 47]LogModuleManager: Shutting down and abandoning module GameplayTasksEditor (168)
[2019.11.27-18.17.59:818][ 47]LogModuleManager: Shutting down and abandoning module BehaviorTreeEditor (166)
[2019.11.27-18.17.59:818][ 47]LogModuleManager: Shutting down and abandoning module FunctionalTesting (164)
[2019.11.27-18.17.59:818][ 47]LogModuleManager: Shutting down and abandoning module CollisionAnalyzer (162)
[2019.11.27-18.17.59:818][ 47]LogModuleManager: Shutting down and abandoning module WorkspaceMenuStructure (161)
[2019.11.27-18.17.59:818][ 47]LogModuleManager: Shutting down and abandoning module UMG (158)
[2019.11.27-18.17.59:818][ 47]LogModuleManager: Shutting down and abandoning module UMGEditor (157)
[2019.11.27-18.17.59:819][ 47]LogModuleManager: Shutting down and abandoning module Sequencer (156)
[2019.11.27-18.17.59:819][ 47]LogModuleManager: Shutting down and abandoning module MessageLog (153)
[2019.11.27-18.17.59:819][ 47]LogModuleManager: Shutting down and abandoning module SlateReflector (148)
[2019.11.27-18.17.59:819][ 47]LogModuleManager: Shutting down and abandoning module Slate (146)
[2019.11.27-18.17.59:819][ 47]LogModuleManager: Shutting down and abandoning module EditorStyle (144)
[2019.11.27-18.17.59:820][ 47]LogModuleManager: Shutting down and abandoning module MRMesh (142)
[2019.11.27-18.17.59:820][ 47]LogModuleManager: Shutting down and abandoning module Messaging (140)
[2019.11.27-18.17.59:820][ 47]LogModuleManager: Shutting down and abandoning module SourceCodeAccess (138)
[2019.11.27-18.17.59:820][ 47]LogModuleManager: Shutting down and abandoning module HeadMountedDisplay (136)
[2019.11.27-18.17.59:820][ 47]LogModuleManager: Shutting down and abandoning module XAudio2 (134)
[2019.11.27-18.17.59:820][ 47]LogModuleManager: Shutting down and abandoning module Networking (132)
[2019.11.27-18.17.59:820][ 47]LogModuleManager: Shutting down and abandoning module Core (130)
[2019.11.27-18.17.59:820][ 47]LogModuleManager: Shutting down and abandoning module LevelSequence (128)
[2019.11.27-18.17.59:820][ 47]LogModuleManager: Shutting down and abandoning module KismetCompiler (126)
[2019.11.27-18.17.59:820][ 47]LogModuleManager: Shutting down and abandoning module MeshUtilities (124)
[2019.11.27-18.17.59:820][ 47]LogModuleManager: Shutting down and abandoning module MeshMergeUtilities (123)
[2019.11.27-18.17.59:820][ 47]LogModuleManager: Shutting down and abandoning module MeshReductionInterface (122)
[2019.11.27-18.17.59:820][ 47]LogModuleManager: Shutting down and abandoning module QuadricMeshReduction (121)
[2019.11.27-18.17.59:820][ 47]LogModuleManager: Shutting down and abandoning module MaterialBaking (117)
[2019.11.27-18.17.59:820][ 47]LogModuleManager: Shutting down and abandoning module DerivedDataCache (112)
[2019.11.27-18.18.00:147][ 47]LogDerivedDataCache: Shutdown
[2019.11.27-18.18.00:147][ 47]LogModuleManager: Shutting down and abandoning module XGEController (110)
[2019.11.27-18.18.00:147][ 47]LogModuleManager: Shutting down and abandoning module TargetPlatform (108)
[2019.11.27-18.18.00:147][ 47]LogModuleManager: Shutting down and abandoning module VulkanShaderFormat (107)
[2019.11.27-18.18.00:147][ 47]LogModuleManager: Shutting down and abandoning module ShaderFormatVectorVM (105)
[2019.11.27-18.18.00:147][ 47]LogModuleManager: Shutting down and abandoning module ShaderFormatOpenGL (103)
[2019.11.27-18.18.00:147][ 47]LogModuleManager: Shutting down and abandoning module ShaderFormatD3D (101)
[2019.11.27-18.18.00:147][ 47]LogModuleManager: Shutting down and abandoning module MetalShaderFormat (99)
[2019.11.27-18.18.00:147][ 47]LogModuleManager: Shutting down and abandoning module TextureFormatUncompressed (97)
[2019.11.27-18.18.00:147][ 47]LogModuleManager: Shutting down and abandoning module TextureFormatPVR (95)
[2019.11.27-18.18.00:147][ 47]LogModuleManager: Shutting down and abandoning module TextureFormatDXT (93)
[2019.11.27-18.18.00:147][ 47]LogModuleManager: Shutting down and abandoning module TextureFormatIntelISPCTexComp (91)
[2019.11.27-18.18.00:147][ 47]LogModuleManager: Shutting down and abandoning module TextureFormatASTC (89)
[2019.11.27-18.18.00:147][ 47]LogModuleManager: Shutting down and abandoning module ImageWrapper (88)
[2019.11.27-18.18.00:147][ 47]LogModuleManager: Shutting down and abandoning module TextureFormatAndroid (85)
[2019.11.27-18.18.00:147][ 47]LogModuleManager: Shutting down and abandoning module AudioFormatOpus (83)
[2019.11.27-18.18.00:147][ 47]LogModuleManager: Shutting down and abandoning module AudioFormatOgg (81)
[2019.11.27-18.18.00:147][ 47]LogModuleManager: Shutting down and abandoning module AudioFormatADPCM (79)
[2019.11.27-18.18.00:147][ 47]LogModuleManager: Shutting down and abandoning module WindowsTargetPlatform (77)
[2019.11.27-18.18.00:147][ 47]LogModuleManager: Shutting down and abandoning module WindowsServerTargetPlatform (75)
[2019.11.27-18.18.00:147][ 47]LogModuleManager: Shutting down and abandoning module WindowsNoEditorTargetPlatform (73)
[2019.11.27-18.18.00:147][ 47]LogModuleManager: Shutting down and abandoning module WindowsClientTargetPlatform (71)
[2019.11.27-18.18.00:147][ 47]LogModuleManager: Shutting down and abandoning module InputCore (68)
[2019.11.27-18.18.00:147][ 47]LogModuleManager: Shutting down and abandoning module Settings (66)
[2019.11.27-18.18.00:147][ 47]LogModuleManager: Shutting down and abandoning module PhysXCooking (64)
[2019.11.27-18.18.00:147][ 47]LogModuleManager: Shutting down and abandoning module SteamVR (62)
[2019.11.27-18.18.00:147][ 47]LogModuleManager: Shutting down and abandoning module OculusHMD (60)
[2019.11.27-18.18.00:147][ 47]LogModuleManager: Shutting down and abandoning module ExampleDeviceProfileSelector (58)
[2019.11.27-18.18.00:147][ 47]LogModuleManager: Shutting down and abandoning module AppleARKit (56)
[2019.11.27-18.18.00:147][ 47]LogModuleManager: Shutting down and abandoning module AugmentedReality (53)
[2019.11.27-18.18.00:147][ 47]LogModuleManager: Shutting down and abandoning module OnlineBlueprintSupport (50)
[2019.11.27-18.18.00:147][ 47]LogModuleManager: Shutting down and abandoning module OnlineSubsystem (46)
[2019.11.27-18.18.00:147][ 47]LogModuleManager: Shutting down and abandoning module XMPP (45)
[2019.11.27-18.18.00:147][ 47]LogModuleManager: Shutting down and abandoning module HTTP (43)
[2019.11.27-18.18.00:181][ 47]LogModuleManager: Shutting down and abandoning module SSL (42)
[2019.11.27-18.18.00:183][ 47]LogModuleManager: Shutting down and abandoning module Flex (38)
[2019.11.27-18.18.00:183][ 47]LogModuleManager: Shutting down and abandoning module AnimationModifiers (36)
[2019.11.27-18.18.00:183][ 47]LogModuleManager: Shutting down and abandoning module PropertyEditor (35)
[2019.11.27-18.18.00:183][ 47]LogModuleManager: Shutting down and abandoning module AudioEditor (32)
[2019.11.27-18.18.00:184][ 47]LogModuleManager: Shutting down and abandoning module TextureCompressor (30)
[2019.11.27-18.18.00:184][ 47]LogModuleManager: Shutting down and abandoning module ShaderCore (28)
[2019.11.27-18.18.00:184][ 47]LogModuleManager: Shutting down and abandoning module Landscape (26)
[2019.11.27-18.18.00:184][ 47]LogModuleManager: Shutting down and abandoning module SlateRHIRenderer (24)
[2019.11.27-18.18.00:184][ 47]LogModuleManager: Shutting down and abandoning module OpenGLDrv (22)
[2019.11.27-18.18.00:184][ 47]LogModuleManager: Shutting down and abandoning module D3D11RHI (20)
[2019.11.27-18.18.00:184][ 47]LogModuleManager: Shutting down and abandoning module AnimGraphRuntime (18)
[2019.11.27-18.18.00:184][ 47]LogModuleManager: Shutting down and abandoning module Renderer (16)
[2019.11.27-18.18.00:184][ 47]LogModuleManager: Shutting down and abandoning module Engine (14)
[2019.11.27-18.18.00:184][ 47]LogModuleManager: Shutting down and abandoning module CoreUObject (12)
[2019.11.27-18.18.00:184][ 47]LogModuleManager: Shutting down and abandoning module NetworkFile (10)
[2019.11.27-18.18.00:184][ 47]LogModuleManager: Shutting down and abandoning module CookedIterativeFile (8)
[2019.11.27-18.18.00:184][ 47]LogModuleManager: Shutting down and abandoning module StreamingFile (6)
[2019.11.27-18.18.00:184][ 47]LogModuleManager: Shutting down and abandoning module SandboxFile (4)
[2019.11.27-18.18.00:184][ 47]LogModuleManager: Shutting down and abandoning module PakFile (2)
[2019.11.27-18.18.00:190][ 47]LogExit: Exiting.
[2019.11.27-18.18.00:192][ 47]Log file closed, 11/27/19 10:18:00
