Log file open, 12/15/19 17:44:06
LogWindows: Failed to load 'aqProf.dll' (GetLastError=126)
LogWindows: File 'aqProf.dll' does not exist
LogWindows: Failed to load 'VtuneApi.dll' (GetLastError=126)
LogWindows: File 'VtuneApi.dll' does not exist
LogWindows: Failed to load 'VtuneApi32e.dll' (GetLastError=126)
LogWindows: File 'VtuneApi32e.dll' does not exist
LogInit: Display: Running engine for game: FlexProject
LogPlatformFile: Not using cached read wrapper
LogInit: Display: RandInit(-904980180) SRandInit(-904980180).
LogInit: Read version file with build ID 'f8081bff-4f06-49d9-99ad-e04726a0696f'
LogInit: Registered custom module enumerator with build ID 'f8081bff-4f06-49d9-99ad-e04726a0696f'
LogTaskGraph: Started task graph with 5 named threads and 23 total threads with 3 sets of task threads.
LogStats: Stats thread started at 0.293155
LogD3D11RHI: Aftermath initialized
LogICUInternationalization: Display: ICU TimeZone Detection - Raw Offset: -8:00, Platform Override: ''
LogModuleManager: Display: Found up-to-date module file ../../../Engine/Plugins/2D/Paper2D/Binaries/Win64/UE4Editor-Paper2D.dll (API version 0).
LogModuleManager: Display: Found up-to-date module file ../../../Engine/Plugins/2D/Paper2D/Binaries/Win64/UE4Editor-Paper2DEditor.dll (API version 0).
LogModuleManager: Display: Found up-to-date module file ../../../Engine/Plugins/2D/Paper2D/Binaries/Win64/UE4Editor-PaperSpriteSheetImporter.dll (API version 0).
LogModuleManager: Display: Found up-to-date module file ../../../Engine/Plugins/2D/Paper2D/Binaries/Win64/UE4Editor-PaperTiledImporter.dll (API version 0).
LogModuleManager: Display: Found up-to-date module file ../../../Engine/Plugins/2D/Paper2D/Binaries/Win64/UE4Editor-SmartSnapping.dll (API version 0).
LogModuleManager: Display: Found up-to-date module file ../../../Engine/Plugins/Blendables/LightPropagationVolume/Binaries/Win64/UE4Editor-LightPropagationVolumeRuntime.dll (API version 0).
LogModuleManager: Display: Found up-to-date module file ../../../Engine/Plugins/Blendables/LightPropagationVolume/Binaries/Win64/UE4Editor-LightPropagationVolumeEditor.dll (API version 0).
LogModuleManager: Display: Found up-to-date module file ../../../Engine/Plugins/Developer/CLionSourceCodeAccess/Binaries/Win64/UE4Editor-CLionSourceCodeAccess.dll (API version 0).
LogModuleManager: Display: Found up-to-date module file ../../../Engine/Plugins/Developer/GitSourceControl/Binaries/Win64/UE4Editor-GitSourceControl.dll (API version 0).
LogModuleManager: Display: Found up-to-date module file ../../../Engine/Plugins/Developer/PerforceSourceControl/Binaries/Win64/UE4Editor-PerforceSourceControl.dll (API version 0).
LogModuleManager: Display: Found up-to-date module file ../../../Engine/Plugins/Developer/SubversionSourceControl/Binaries/Win64/UE4Editor-SubversionSourceControl.dll (API version 0).
LogModuleManager: Display: Found up-to-date module file ../../../Engine/Plugins/Developer/UObjectPlugin/Binaries/Win64/UE4Editor-UObjectPlugin.dll (API version 0).
LogModuleManager: Display: Found up-to-date module file ../../../Engine/Plugins/Developer/VisualStudioCodeSourceCodeAccess/Binaries/Win64/UE4Editor-VisualStudioCodeSourceCodeAccess.dll (API version 0).
LogModuleManager: Display: Found up-to-date module file ../../../Engine/Plugins/Developer/VisualStudioSourceCodeAccess/Binaries/Win64/UE4Editor-VisualStudioSourceCodeAccess.dll (API version 0).
LogModuleManager: Display: Found up-to-date module file ../../../Engine/Plugins/Editor/AssetManagerEditor/Binaries/Win64/UE4Editor-AssetManagerEditor.dll (API version 0).
LogModuleManager: Display: Found up-to-date module file ../../../Engine/Plugins/Editor/CryptoKeys/Binaries/Win64/UE4Editor-CryptoKeys.dll (API version 0).
LogModuleManager: Display: Found up-to-date module file ../../../Engine/Plugins/Editor/CryptoKeys/Binaries/Win64/UE4Editor-CryptoKeysOpenSSL.dll (API version 0).
LogModuleManager: Display: Found up-to-date module file ../../../Engine/Plugins/Editor/DataValidation/Binaries/Win64/UE4Editor-DataValidation.dll (API version 0).
LogModuleManager: Display: Found up-to-date module file ../../../Engine/Plugins/Editor/FacialAnimation/Binaries/Win64/UE4Editor-FacialAnimation.dll (API version 0).
LogModuleManager: Display: Found up-to-date module file ../../../Engine/Plugins/Editor/FacialAnimation/Binaries/Win64/UE4Editor-FacialAnimationEditor.dll (API version 0).
LogModuleManager: Display: Found up-to-date module file ../../../Engine/Plugins/Editor/GameplayTagsEditor/Binaries/Win64/UE4Editor-GameplayTagsEditor.dll (API version 0).
LogModuleManager: Display: Found up-to-date module file ../../../Engine/Plugins/Editor/MobileLauncherProfileWizard/Binaries/Win64/UE4Editor-MobileLauncherProfileWizard.dll (API version 0).
LogModuleManager: Display: Found up-to-date module file ../../../Engine/Plugins/Editor/PluginBrowser/Binaries/Win64/UE4Editor-PluginBrowser.dll (API version 0).
LogModuleManager: Display: Found up-to-date module file ../../../Engine/Plugins/Editor/SpeedTreeImporter/Binaries/Win64/UE4Editor-SpeedTreeImporter.dll (API version 0).
LogModuleManager: Display: Found up-to-date module file ../../../Engine/Plugins/Enterprise/DatasmithContent/Binaries/Win64/UE4Editor-DatasmithContent.dll (API version 0).
LogModuleManager: Display: Found up-to-date module file ../../../Engine/Plugins/Experimental/AlembicImporter/Binaries/Win64/UE4Editor-AlembicImporter.dll (API version 0).
LogModuleManager: Display: Found up-to-date module file ../../../Engine/Plugins/Experimental/AlembicImporter/Binaries/Win64/UE4Editor-AlembicLibrary.dll (API version 0).
LogModuleManager: Display: Found up-to-date module file ../../../Engine/Plugins/Experimental/CharacterAI/Binaries/Win64/UE4Editor-CharacterAI.dll (API version 0).
LogModuleManager: Display: Found up-to-date module file ../../../Engine/Plugins/Experimental/HTML5Networking/Binaries/Win64/UE4Editor-HTML5Networking.dll (API version 0).
LogModuleManager: Display: Found up-to-date module file ../../../Engine/Plugins/GameWorks/Flex/Binaries/Win64/UE4Editor-Flex.dll (API version 0).
LogModuleManager: Display: Found up-to-date module file ../../../Engine/Plugins/GameWorks/Flex/Binaries/Win64/UE4Editor-FlexEditor.dll (API version 0).
LogModuleManager: Display: Found up-to-date module file ../../../Engine/Plugins/Media/AndroidMedia/Binaries/Win64/UE4Editor-AndroidMediaEditor.dll (API version 0).
LogModuleManager: Display: Found up-to-date module file ../../../Engine/Plugins/Media/AndroidMedia/Binaries/Win64/UE4Editor-AndroidMediaFactory.dll (API version 0).
LogModuleManager: Display: Found up-to-date module file ../../../Engine/Plugins/Media/AvfMedia/Binaries/Win64/UE4Editor-AvfMediaEditor.dll (API version 0).
LogModuleManager: Display: Found up-to-date module file ../../../Engine/Plugins/Media/AvfMedia/Binaries/Win64/UE4Editor-AvfMediaFactory.dll (API version 0).
LogModuleManager: Display: Found up-to-date module file ../../../Engine/Plugins/Media/AvfMedia/Binaries/Win64/UE4Editor-AvfMediaFactory.dll (API version 0).
LogModuleManager: Display: Found up-to-date module file ../../../Engine/Plugins/Media/ImgMedia/Binaries/Win64/UE4Editor-ImgMedia.dll (API version 0).
LogModuleManager: Display: Found up-to-date module file ../../../Engine/Plugins/Media/ImgMedia/Binaries/Win64/UE4Editor-ImgMediaEditor.dll (API version 0).
LogModuleManager: Display: Found up-to-date module file ../../../Engine/Plugins/Media/ImgMedia/Binaries/Win64/UE4Editor-ImgMediaFactory.dll (API version 0).
LogModuleManager: Display: Found up-to-date module file ../../../Engine/Plugins/Media/ImgMedia/Binaries/Win64/UE4Editor-ImgMediaFactory.dll (API version 0).
LogModuleManager: Display: Found up-to-date module file ../../../Engine/Plugins/Media/ImgMedia/Binaries/Win64/UE4Editor-OpenExrWrapper.dll (API version 0).
LogModuleManager: Display: Found up-to-date module file ../../../Engine/Plugins/Media/LinearTimecode/Binaries/Win64/UE4Editor-LinearTimecode.dll (API version 0).
LogModuleManager: Display: Found up-to-date module file ../../../Engine/Plugins/Media/MediaCompositing/Binaries/Win64/UE4Editor-MediaCompositing.dll (API version 0).
LogModuleManager: Display: Found up-to-date module file ../../../Engine/Plugins/Media/MediaCompositing/Binaries/Win64/UE4Editor-MediaCompositingEditor.dll (API version 0).
LogModuleManager: Display: Found up-to-date module file ../../../Engine/Plugins/Media/MediaPlayerEditor/Binaries/Win64/UE4Editor-MediaPlayerEditor.dll (API version 0).
LogModuleManager: Display: Found up-to-date module file ../../../Engine/Plugins/Media/WmfMedia/Binaries/Win64/UE4Editor-WmfMedia.dll (API version 0).
LogModuleManager: Display: Found up-to-date module file ../../../Engine/Plugins/Media/WmfMedia/Binaries/Win64/UE4Editor-WmfMediaEditor.dll (API version 0).
LogModuleManager: Display: Found up-to-date module file ../../../Engine/Plugins/Media/WmfMedia/Binaries/Win64/UE4Editor-WmfMediaFactory.dll (API version 0).
LogModuleManager: Display: Found up-to-date module file ../../../Engine/Plugins/Media/WmfMedia/Binaries/Win64/UE4Editor-WmfMediaFactory.dll (API version 0).
LogModuleManager: Display: Found up-to-date module file ../../../Engine/Plugins/Messaging/TcpMessaging/Binaries/Win64/UE4Editor-TcpMessaging.dll (API version 0).
LogModuleManager: Display: Found up-to-date module file ../../../Engine/Plugins/Messaging/UdpMessaging/Binaries/Win64/UE4Editor-UdpMessaging.dll (API version 0).
LogModuleManager: Display: Found up-to-date module file ../../../Engine/Plugins/MovieScene/ActorSequence/Binaries/Win64/UE4Editor-ActorSequence.dll (API version 0).
LogModuleManager: Display: Found up-to-date module file ../../../Engine/Plugins/MovieScene/LevelSequenceEditor/Binaries/Win64/UE4Editor-LevelSequenceEditor.dll (API version 0).
LogModuleManager: Display: Found up-to-date module file ../../../Engine/Plugins/MovieScene/MatineeToLevelSequence/Binaries/Win64/UE4Editor-MatineeToLevelSequence.dll (API version 0).
LogModuleManager: Display: Found up-to-date module file ../../../Engine/Plugins/NetcodeUnitTest/NetcodeUnitTest/Binaries/Win64/UE4Editor-NetcodeUnitTest.dll (API version 0).
LogModuleManager: Display: Found up-to-date module file ../../../Engine/Plugins/NetcodeUnitTest/NUTUnrealEngine4/Binaries/Win64/UE4Editor-NUTUnrealEngine4.dll (API version 0).
LogModuleManager: Display: Found up-to-date module file ../../../Engine/Plugins/Online/OnlineSubsystem/Binaries/Win64/UE4Editor-OnlineSubsystem.dll (API version 0).
LogModuleManager: Display: Found up-to-date module file ../../../Engine/Plugins/Runtime/AndroidPermission/Binaries/Win64/UE4Editor-AndroidPermission.dll (API version 0).
LogModuleManager: Display: Found up-to-date module file ../../../Engine/Plugins/Online/OnlineSubsystemNull/Binaries/Win64/UE4Editor-OnlineSubsystemNull.dll (API version 0).
LogModuleManager: Display: Found up-to-date module file ../../../Engine/Plugins/Online/OnlineSubsystemUtils/Binaries/Win64/UE4Editor-OnlineSubsystemUtils.dll (API version 0).
LogModuleManager: Display: Found up-to-date module file ../../../Engine/Plugins/Online/OnlineSubsystemUtils/Binaries/Win64/UE4Editor-OnlineBlueprintSupport.dll (API version 0).
LogModuleManager: Display: Found up-to-date module file ../../../Engine/Plugins/Runtime/AndroidDeviceProfileSelector/Binaries/Win64/UE4Editor-AndroidDeviceProfileSelector.dll (API version 0).
LogModuleManager: Display: Found up-to-date module file ../../../Engine/Plugins/Runtime/AppleARKit/Binaries/Win64/UE4Editor-AppleARKit.dll (API version 0).
LogModuleManager: Display: Found up-to-date module file ../../../Engine/Plugins/Runtime/ProceduralMeshComponent/Binaries/Win64/UE4Editor-ProceduralMeshComponent.dll (API version 0).
LogModuleManager: Display: Found up-to-date module file ../../../Engine/Plugins/Runtime/ProceduralMeshComponent/Binaries/Win64/UE4Editor-ProceduralMeshComponentEditor.dll (API version 0).
LogModuleManager: Display: Found up-to-date module file ../../../Engine/Plugins/Animation/LiveLink/Binaries/Win64/UE4Editor-LiveLink.dll (API version 0).
LogModuleManager: Display: Found up-to-date module file ../../../Engine/Plugins/Animation/LiveLink/Binaries/Win64/UE4Editor-LiveLinkEditor.dll (API version 0).
LogModuleManager: Display: Found up-to-date module file ../../../Engine/Plugins/Runtime/ArchVisCharacter/Binaries/Win64/UE4Editor-ArchVisCharacter.dll (API version 0).
LogModuleManager: Display: Found up-to-date module file ../../../Engine/Plugins/Runtime/AudioCapture/Binaries/Win64/UE4Editor-AudioCapture.dll (API version 0).
LogModuleManager: Display: Found up-to-date module file ../../../Engine/Plugins/Runtime/AudioCapture/Binaries/Win64/UE4Editor-AudioCaptureEditor.dll (API version 0).
LogModuleManager: Display: Found up-to-date module file ../../../Engine/Plugins/Runtime/CableComponent/Binaries/Win64/UE4Editor-CableComponent.dll (API version 0).
LogModuleManager: Display: Found up-to-date module file ../../../Engine/Plugins/Runtime/CustomMeshComponent/Binaries/Win64/UE4Editor-CustomMeshComponent.dll (API version 0).
LogModuleManager: Display: Found up-to-date module file ../../../Engine/Plugins/Runtime/ExampleDeviceProfileSelector/Binaries/Win64/UE4Editor-ExampleDeviceProfileSelector.dll (API version 0).
LogModuleManager: Display: Found up-to-date module file ../../../Engine/Plugins/Runtime/ImmediatePhysics/Binaries/Win64/UE4Editor-ImmediatePhysics.dll (API version 0).
LogModuleManager: Display: Found up-to-date module file ../../../Engine/Plugins/Runtime/ImmediatePhysics/Binaries/Win64/UE4Editor-ImmediatePhysicsEditor.dll (API version 0).
LogModuleManager: Display: Found up-to-date module file ../../../Engine/Plugins/Runtime/LocationServicesBPLibrary/Binaries/Win64/UE4Editor-LocationServicesBPLibrary.dll (API version 0).
LogModuleManager: Display: Found up-to-date module file ../../../Engine/Plugins/Runtime/MobilePatchingUtils/Binaries/Win64/UE4Editor-MobilePatchingUtils.dll (API version 0).
LogModuleManager: Display: Found up-to-date module file ../../../Engine/Plugins/Runtime/Oculus/OculusVR/Binaries/Win64/UE4Editor-OculusHMD.dll (API version 0).
LogModuleManager: Display: Found up-to-date module file ../../../Engine/Plugins/Runtime/Oculus/OculusVR/Binaries/Win64/UE4Editor-OculusInput.dll (API version 0).
LogModuleManager: Display: Found up-to-date module file ../../../Engine/Plugins/Runtime/Oculus/OculusVR/Binaries/Win64/UE4Editor-OculusEditor.dll (API version 0).
LogModuleManager: Display: Found up-to-date module file ../../../Engine/Plugins/Runtime/PhysXVehicles/Binaries/Win64/UE4Editor-PhysXVehicles.dll (API version 0).
LogModuleManager: Display: Found up-to-date module file ../../../Engine/Plugins/Runtime/PhysXVehicles/Binaries/Win64/UE4Editor-PhysXVehiclesEditor.dll (API version 0).
LogModuleManager: Display: Found up-to-date module file ../../../Engine/Plugins/Runtime/RuntimePhysXCooking/Binaries/Win64/UE4Editor-RuntimePhysXCooking.dll (API version 0).
LogModuleManager: Display: Found up-to-date module file ../../../Engine/Plugins/Runtime/Steam/SteamVR/Binaries/Win64/UE4Editor-SteamVR.dll (API version 0).
LogModuleManager: Display: Found up-to-date module file ../../../Engine/Plugins/Runtime/Steam/SteamVR/Binaries/Win64/UE4Editor-SteamVRController.dll (API version 0).
LogModuleManager: Display: Found up-to-date module file ../../../Engine/Plugins/Runtime/WindowsMoviePlayer/Binaries/Win64/UE4Editor-WindowsMoviePlayer.dll (API version 0).
LogPluginManager: Mounting plugin Paper2D
LogPluginManager: Mounting plugin LiveLink
LogPluginManager: Mounting plugin LightPropagationVolume
LogPluginManager: Mounting plugin CLionSourceCodeAccess
LogPluginManager: Mounting plugin CodeLiteSourceCodeAccess
LogPluginManager: Mounting plugin GitSourceControl
LogPluginManager: Mounting plugin KDevelopSourceCodeAccess
LogPluginManager: Mounting plugin NullSourceCodeAccess
LogPluginManager: Mounting plugin PerforceSourceControl
LogPluginManager: Mounting plugin SubversionSourceControl
LogPluginManager: Mounting plugin UObjectPlugin
LogPluginManager: Mounting plugin VisualStudioCodeSourceCodeAccess
LogPluginManager: Mounting plugin VisualStudioSourceCodeAccess
LogPluginManager: Mounting plugin XCodeSourceCodeAccess
LogPluginManager: Mounting plugin AssetManagerEditor
LogPluginManager: Mounting plugin CryptoKeys
LogPluginManager: Mounting plugin DataValidation
LogPluginManager: Mounting plugin FacialAnimation
LogPluginManager: Mounting plugin GameplayTagsEditor
LogPluginManager: Mounting plugin MobileLauncherProfileWizard
LogPluginManager: Mounting plugin PluginBrowser
LogPluginManager: Mounting plugin SpeedTreeImporter
LogPluginManager: Mounting plugin DatasmithContent
LogPluginManager: Mounting plugin AlembicImporter
LogPluginManager: Mounting plugin CharacterAI
LogPluginManager: Mounting plugin HTML5Networking
LogPluginManager: Mounting plugin Flex
LogPluginManager: Plugin shader directory ../../../Engine/Plugins/GameWorks/Flex/Shaders found
LogPluginManager: Mapping shader source directory ../../../Engine/Plugins/GameWorks/Flex/Shaders to virtual directory /Plugin/Flex
LogPluginManager: Mounting plugin AndroidMedia
LogPluginManager: Mounting plugin AvfMedia
LogPluginManager: Mounting plugin ImgMedia
LogPluginManager: Mounting plugin LinearTimecode
LogPluginManager: Mounting plugin MediaCompositing
LogPluginManager: Mounting plugin MediaPlayerEditor
LogPluginManager: Mounting plugin WmfMedia
LogPluginManager: Mounting plugin TcpMessaging
LogPluginManager: Mounting plugin UdpMessaging
LogPluginManager: Mounting plugin ActorSequence
LogPluginManager: Mounting plugin LevelSequenceEditor
LogPluginManager: Mounting plugin MatineeToLevelSequence
LogPluginManager: Mounting plugin NetcodeUnitTest
LogPluginManager: Mounting plugin NUTUnrealEngine4
LogPluginManager: Mounting plugin OnlineSubsystemGooglePlay
LogPluginManager: Mounting plugin OnlineSubsystemIOS
LogPluginManager: Mounting plugin OnlineSubsystem
LogPluginManager: Mounting plugin OnlineSubsystemNull
LogPluginManager: Mounting plugin OnlineSubsystemUtils
LogPluginManager: Mounting plugin AndroidDeviceProfileSelector
LogPluginManager: Mounting plugin AndroidMoviePlayer
LogPluginManager: Mounting plugin AndroidPermission
LogPluginManager: Mounting plugin AppleARKit
LogPluginManager: Mounting plugin AppleMoviePlayer
LogPluginManager: Mounting plugin ArchVisCharacter
LogPluginManager: Mounting plugin AudioCapture
LogPluginManager: Mounting plugin CableComponent
LogPluginManager: Mounting plugin CustomMeshComponent
LogPluginManager: Mounting plugin ExampleDeviceProfileSelector
LogPluginManager: Mounting plugin GoogleCloudMessaging
LogPluginManager: Mounting plugin ImmediatePhysics
LogPluginManager: Mounting plugin IOSDeviceProfileSelector
LogPluginManager: Mounting plugin LinuxDeviceProfileSelector
LogPluginManager: Mounting plugin LocationServicesBPLibrary
LogPluginManager: Mounting plugin MobilePatchingUtils
LogPluginManager: Mounting plugin OculusVR
LogPluginManager: Plugin shader directory ../../../Engine/Plugins/Runtime/Oculus/OculusVR/Shaders found
LogPluginManager: Mapping shader source directory ../../../Engine/Plugins/Runtime/Oculus/OculusVR/Shaders to virtual directory /Plugin/OculusVR
LogPluginManager: Mounting plugin PhysXVehicles
LogPluginManager: Mounting plugin ProceduralMeshComponent
LogPluginManager: Mounting plugin RuntimePhysXCooking
LogPluginManager: Mounting plugin SteamVR
LogPluginManager: Mounting plugin WindowsMoviePlayer
LogStreaming: Display: Took  1.281s to configure plugins.
LogInit: Using libcurl 7.47.1
LogInit:  - built for x86_64-pc-win32
LogInit:  - supports SSL with OpenSSL/1.0.2g
LogInit:  - supports HTTP deflate (compression) using libz 1.2.8
LogInit:  - other features:
LogInit:      CURL_VERSION_SSL
LogInit:      CURL_VERSION_LIBZ
LogInit:      CURL_VERSION_IPV6
LogInit:      CURL_VERSION_ASYNCHDNS
LogInit:      CURL_VERSION_LARGEFILE
LogInit:      CURL_VERSION_IDN
LogInit:  CurlRequestOptions (configurable via config and command line):
LogInit:  - bVerifyPeer = false  - Libcurl will NOT verify peer certificate
LogInit:  - bUseHttpProxy = false  - Libcurl will NOT use HTTP proxy
LogInit:  - bDontReuseConnections = false  - Libcurl will reuse connections
LogInit:  - CertBundlePath = nullptr  - Libcurl will use whatever was configured at build time.
LogInit:  - MaxHostConnections = 16  - Libcurl will limit the number of connections to a host
LogInit:  - LocalHostAddr = Default
LogInit: WinSock: version 1.1 (2.2), MaxSocks=32767, MaxUdp=65467
LogInit: WinSock: I am DESKTOP-5OBRCKN (192.168.0.118:0)
LogInit: Build: ++UE4+Release-4.19-CL-0
LogInit: Engine Version: 4.19.2-0+++UE4+Release-4.19
LogInit: Compatible Engine Version: 4.19.0-0+++UE4+Release-4.19
LogInit: Net CL: 0
LogDevObjectVersion: Number of dev versions registered: 18
LogDevObjectVersion:   Dev-Blueprints (B0D832E4-1F89-4F0D-ACCF-7EB736FD4AA2): 10
LogDevObjectVersion:   Dev-Build (E1C64328-A22C-4D53-A36C-8E866417BD8C): 0
LogDevObjectVersion:   Dev-Core (375EC13C-06E4-48FB-B500-84F0262A717E): 2
LogDevObjectVersion:   Dev-Editor (E4B068ED-F494-42E9-A231-DA0B2E46BB41): 23
LogDevObjectVersion:   Dev-Framework (CFFC743F-43B0-4480-9391-14DF171D2073): 33
LogDevObjectVersion:   Dev-Mobile (B02B49B5-BB20-44E9-A304-32B752E40360): 2
LogDevObjectVersion:   Dev-Networking (A4E4105C-59A1-49B5-A7C5-40C4547EDFEE): 0
LogDevObjectVersion:   Dev-Online (39C831C9-5AE6-47DC-9A44-9C173E1C8E7C): 0
LogDevObjectVersion:   Dev-Physics (78F01B33-EBEA-4F98-B9B4-84EACCB95AA2): 0
LogDevObjectVersion:   Dev-Platform (6631380F-2D4D-43E0-8009-CF276956A95A): 0
LogDevObjectVersion:   Dev-Rendering (12F88B9F-8875-4AFC-A67C-D90C383ABD29): 25
LogDevObjectVersion:   Dev-Sequencer (7B5AE74C-D270-4C10-A958-57980B212A5A): 6
LogDevObjectVersion:   Dev-VR (D7296918-1DD6-4BDD-9DE2-64A83CC13884): 1
LogDevObjectVersion:   Dev-LoadTimes (C2A15278-BFE7-4AFE-6C17-90FF531DF755): 1
LogDevObjectVersion:   Private-Geometry (6EACA3D4-40EC-4CC1-B786-8BED09428FC5): 2
LogDevObjectVersion:   Dev-AnimPhys (29E575DD-E0A3-4627-9D10-D276232CDCEA): 16
LogDevObjectVersion:   Dev-ReflectionCapture (6B266CEC-1EC7-4B8F-A30B-E4D90942FC07): 1
LogDevObjectVersion:   Dev-Automation (0DF73D61-A23F-47EA-B727-89E90C41499A): 1
LogInit: Compiled (64-bit): Nov 26 2019 19:40:34
LogInit: Compiled with Visual C++: 19.16.27034.00
LogInit: Build Configuration: Development
LogInit: Branch Name: ++UE4+Release-4.19
LogInit: Command Line: 
LogInit: Base Directory: C:/Users/valen/Documents/GitHub/UnrealEngine/Engine/Binaries/Win64/
LogInit: Installed Engine Build: 0
LogStreaming: Display: Took  0.003s to delete old logs.
LogInit: Presizing for max 8388607 objects, including 0 objects not considered by GC, pre-allocating 0 bytes for permanent pool.
LogInit: Object subsystem initialized
[2019.12.16-01.44.08:330][  0]LogInit: Selected Device Profile: [Windows]
[2019.12.16-01.44.08:330][  0]LogInit: Applying CVar settings loaded from the selected device profile: [Windows]
[2019.12.16-01.44.08:345][  0]LogInit: Computer: DESKTOP-5OBRCKN
[2019.12.16-01.44.08:345][  0]LogInit: User: valen
[2019.12.16-01.44.08:346][  0]LogInit: CPU Page size=4096, Cores=4
[2019.12.16-01.44.08:346][  0]LogInit: High frequency timer resolution =10.000000 MHz
[2019.12.16-01.44.08:346][  0]LogMemory: Memory total: Physical=32.0GB (32GB approx)
[2019.12.16-01.44.08:346][  0]LogMemory: Platform Memory Stats for Windows
[2019.12.16-01.44.08:346][  0]LogMemory: Process Physical Memory: 273.71 MB used, 273.71 MB peak
[2019.12.16-01.44.08:346][  0]LogMemory: Process Virtual Memory: 264.57 MB used, 264.57 MB peak
[2019.12.16-01.44.08:346][  0]LogMemory: Physical Memory: 6703.50 MB used,  26021.31 MB free, 32724.82 MB total
[2019.12.16-01.44.08:346][  0]LogMemory: Virtual Memory: 4774.94 MB used,  26021.31 MB free, 134217728.00 MB total
[2019.12.16-01.44.08:369][  0]LogInit: Using OS detected language (en-US).
[2019.12.16-01.44.08:369][  0]LogInit: Using OS detected locale (en-US).
[2019.12.16-01.44.08:372][  0]LogTextLocalizationManager: No specific localization for 'en-US' exists, so the 'en' localization will be used.
[2019.12.16-01.44.08:837][  0]LogStreaming: Display: Took  0.468s to EndInitTextLocalization.
[2019.12.16-01.44.08:837][  0]LogInit: Setting process to per monitor DPI aware
[2019.12.16-01.44.08:886][  0]LogSlate: New Slate User Created.  User Index 0, Is Virtual User: 0
[2019.12.16-01.44.08:886][  0]LogSlate: Slate User Registered.  User Index 0, Is Virtual User: 0
[2019.12.16-01.44.09:108][  0]LogD3D11RHI: D3D11 adapters:
[2019.12.16-01.44.09:180][  0]LogD3D11RHI:    0. 'NVIDIA GeForce GTX 980M' (Feature Level 11_0)
[2019.12.16-01.44.09:180][  0]LogD3D11RHI:       8144/0/16362 MB DedicatedVideo/DedicatedSystem/SharedSystem, Outputs:1, VendorId:0x10de
[2019.12.16-01.44.09:183][  0]LogD3D11RHI:    1. 'Microsoft Basic Render Driver' (Feature Level 11_0)
[2019.12.16-01.44.09:183][  0]LogD3D11RHI:       0/0/16362 MB DedicatedVideo/DedicatedSystem/SharedSystem, Outputs:0, VendorId:0x1414
[2019.12.16-01.44.09:183][  0]LogD3D11RHI: Chosen D3D11 Adapter: 0
[2019.12.16-01.44.09:190][  0]LogD3D11RHI: Creating new Direct3DDevice
[2019.12.16-01.44.09:190][  0]LogD3D11RHI:     GPU DeviceId: 0x1617 (for the marketing name, search the web for "GPU Device Id")
[2019.12.16-01.44.09:190][  0]LogWindows: EnumDisplayDevices:
[2019.12.16-01.44.09:190][  0]LogWindows:    0. 'NVIDIA GeForce GTX 980M' (P:1 D:1)
[2019.12.16-01.44.09:190][  0]LogWindows:    1. 'NVIDIA GeForce GTX 980M' (P:0 D:0)
[2019.12.16-01.44.09:190][  0]LogWindows:    2. 'NVIDIA GeForce GTX 980M' (P:0 D:0)
[2019.12.16-01.44.09:191][  0]LogWindows:    3. 'NVIDIA GeForce GTX 980M' (P:0 D:0)
[2019.12.16-01.44.09:191][  0]LogWindows: DebugString: GetVideoDriverDetailsInvalid PrimaryIsNotTheChoosenAdapter GetVideoDriverDetailsInvalid PrimaryIsNotTheChoosenAdapter GetVideoDriverDetailsInvalid PrimaryIsNotTheChoosenAdapter GetVideoDriverDetailsInvalid PrimaryIsNotTheChoosenAdapter FoundDriverCount:0 
[2019.12.16-01.44.09:191][  0]LogD3D11RHI:     Adapter Name: NVIDIA GeForce GTX 980M
[2019.12.16-01.44.09:191][  0]LogD3D11RHI:   Driver Version: Unknown (internal:Unknown, unified:Unknown)
[2019.12.16-01.44.09:191][  0]LogD3D11RHI:      Driver Date: Unknown
[2019.12.16-01.44.09:191][  0]LogRHI: Texture pool is 5701 MB (70% of 8144 MB)
[2019.12.16-01.44.09:238][  0]LogD3D11RHI: [Aftermath] Aftermath enabled and primed
[2019.12.16-01.44.09:238][  0]LogD3D11RHI: [Aftermath] Aftermath enabled and primed
[2019.12.16-01.44.09:238][  0]LogD3D11RHI: Async texture creation enabled
[2019.12.16-01.44.09:257][  0]LogD3D11RHI: GPU Timing Frequency: 1000.000000 (Debug: 2 1)
[2019.12.16-01.44.09:382][  0]LogFlex: Display: Initialized Flex with GPU: NVIDIA GeForce GTX 980M
[2019.12.16-01.44.09:382][  0]LogShaderCompilers: Guid format shader working directory is 13 characters bigger than the processId version (../../../../164Final/FlexProject/Intermediate/Shaders/WorkingDirectory/17200/).
[2019.12.16-01.44.09:382][  0]LogShaderCompilers: Cleaned the shader compiler working directory 'C:/Users/valen/AppData/Local/Temp/UnrealShaderWorkingDir/3B3CCB04479C65D00C3B07887216B9DC/'.
[2019.12.16-01.44.09:643][  0]LogTemp: Display: Loaded TP AllDesktopTargetPlatform
[2019.12.16-01.44.09:656][  0]LogTemp: Display: Loaded TP MacClientTargetPlatform
[2019.12.16-01.44.09:669][  0]LogTemp: Display: Loaded TP MacNoEditorTargetPlatform
[2019.12.16-01.44.09:683][  0]LogTemp: Display: Loaded TP MacServerTargetPlatform
[2019.12.16-01.44.09:697][  0]LogTemp: Display: Loaded TP MacTargetPlatform
[2019.12.16-01.44.09:709][  0]LogTemp: Display: Loaded TP WindowsClientTargetPlatform
[2019.12.16-01.44.09:723][  0]LogTemp: Display: Loaded TP WindowsNoEditorTargetPlatform
[2019.12.16-01.44.09:735][  0]LogTemp: Display: Loaded TP WindowsServerTargetPlatform
[2019.12.16-01.44.09:742][  0]LogTemp: Display: Loaded TP WindowsTargetPlatform
[2019.12.16-01.44.09:757][  0]LogTemp: Display: Loaded TP Android_ASTCTargetPlatform
[2019.12.16-01.44.09:768][  0]LogTemp: Display: Loaded TP Android_ATCTargetPlatform
[2019.12.16-01.44.09:778][  0]LogTemp: Display: Loaded TP Android_DXTTargetPlatform
[2019.12.16-01.44.09:789][  0]LogTemp: Display: Loaded TP Android_ETC1aTargetPlatform
[2019.12.16-01.44.09:800][  0]LogTemp: Display: Loaded TP Android_ETC1TargetPlatform
[2019.12.16-01.44.09:811][  0]LogTemp: Display: Loaded TP Android_ETC2TargetPlatform
[2019.12.16-01.44.09:833][  0]LogTemp: Display: Loaded TP Android_MultiTargetPlatform
[2019.12.16-01.44.09:833][  0]LogTemp: Display: Loaded TP Android_PVRTCTargetPlatform
[2019.12.16-01.44.09:844][  0]LogTemp: Display: Loaded TP AndroidTargetPlatform
[2019.12.16-01.44.09:845][  0]LogTemp: Display: Loaded TP HTML5TargetPlatform
[2019.12.16-01.44.09:883][  0]LogTemp: Display: Loaded TP IOSTargetPlatform
[2019.12.16-01.44.09:893][  0]LogTemp: Display: Loaded TP TVOSTargetPlatform
[2019.12.16-01.44.09:893][  0]LogTargetPlatformManager: Display: Building Assets For Windows
[2019.12.16-01.44.10:026][  0]LogXGEController: Cannot use XGE Controller as Incredibuild is not installed on this machine.
[2019.12.16-01.44.10:026][  0]LogShaderCompilers: Cannot use XGE Shader Compiler as Incredibuild is not installed on this machine.
[2019.12.16-01.44.10:026][  0]LogShaderCompilers: Display: Using Local Shader Compiler.
[2019.12.16-01.44.10:912][  0]LogDerivedDataCache: Display: Max Cache Size: 512 MB
[2019.12.16-01.44.10:981][  0]LogDerivedDataCache: Loaded boot cache 0.07s 76MB ../../../../164Final/FlexProject/DerivedDataCache/Boot.ddc.
[2019.12.16-01.44.10:981][  0]LogDerivedDataCache: Display: Loaded Boot cache: ../../../../164Final/FlexProject/DerivedDataCache/Boot.ddc
[2019.12.16-01.44.10:981][  0]LogDerivedDataCache: FDerivedDataBackendGraph:  Pak pak cache file ../../../../164Final/FlexProject/DerivedDataCache/DDC.ddp not found, will not use a pak cache.
[2019.12.16-01.44.10:981][  0]LogDerivedDataCache: Unable to find inner node Pak for hierarchical cache Hierarchy.
[2019.12.16-01.44.10:981][  0]LogDerivedDataCache: FDerivedDataBackendGraph:  EnginePak pak cache file ../../../Engine/DerivedDataCache/DDC.ddp not found, will not use a pak cache.
[2019.12.16-01.44.10:981][  0]LogDerivedDataCache: Unable to find inner node EnginePak for hierarchical cache Hierarchy.
[2019.12.16-01.44.10:994][  0]LogDerivedDataCache: Using Local data cache path ../../../Engine/DerivedDataCache: Writable
[2019.12.16-01.44.10:994][  0]LogDerivedDataCache: Shared data cache path not found in *engine.ini, will not use an Shared cache.
[2019.12.16-01.44.10:994][  0]LogDerivedDataCache: Unable to find inner node Shared for hierarchical cache Hierarchy.
[2019.12.16-01.44.11:009][  0]LogMaterial: Verifying Global Shaders for PCD3D_SM5
[2019.12.16-01.44.11:010][  0]LogSlate: Using Freetype 2.6.0
[2019.12.16-01.44.11:010][  0]LogSlate: SlateFontCache - WITH_FREETYPE: 1, WITH_HARFBUZZ: 1
[2019.12.16-01.44.11:010][  0]LogSlate: SlateFontCache - WITH_FREETYPE: 1, WITH_HARFBUZZ: 1
[2019.12.16-01.44.11:189][  0]LogAssetRegistry: FAssetRegistry took 0.0340 seconds to start up
[2019.12.16-01.44.11:593][  0]LogInit: Selected Device Profile: [Windows]
[2019.12.16-01.44.11:806][  0]LogMeshReduction: Using QuadricMeshReduction for automatic static mesh reduction
[2019.12.16-01.44.11:806][  0]LogMeshReduction: No automatic skeletal mesh reduction module available
[2019.12.16-01.44.11:806][  0]LogMeshReduction: No automatic mesh merging module available
[2019.12.16-01.44.11:806][  0]LogMeshReduction: No distributed automatic mesh merging module available
[2019.12.16-01.44.11:806][  0]LogMeshMerging: No automatic mesh merging module available
[2019.12.16-01.44.11:806][  0]LogMeshMerging: No distributed automatic mesh merging module available
[2019.12.16-01.44.11:847][  0]LogNetVersion: FlexProject , NetCL: 0, EngineNetVer: 2, GameNetVer: 0 (Checksum: 2459518851)
[2019.12.16-01.44.12:407][  0]LogPackageLocalizationCache: Processed 9 localized package path(s) for 2 prioritized culture(s) in 0.089488 seconds
[2019.12.16-01.44.12:413][  0]LogUObjectArray: 36945 objects as part of root set at end of initial load.
[2019.12.16-01.44.12:413][  0]LogUObjectAllocator: 7383288 out of 0 bytes used by permanent object pool.
[2019.12.16-01.44.12:413][  0]LogUObjectArray: CloseDisregardForGC: 0/0 objects in disregard for GC pool
[2019.12.16-01.44.12:930][  0]LogStreaming: Warning: Failed to read file '../../../Engine/Content/Editor/Slate/Launcher/Mac/Platform_Mac_24x.png' error.
[2019.12.16-01.44.12:930][  0]LogSlate: Could not find file for Slate resource: ../../../Engine/Content/Editor/Slate/Launcher/Mac/Platform_Mac_24x.png
[2019.12.16-01.44.12:930][  0]LogStreaming: Warning: Failed to read file '../../../Engine/Content/Editor/Slate/Launcher/Mac/Platform_Mac_128x.png' error.
[2019.12.16-01.44.12:930][  0]LogSlate: Could not find file for Slate resource: ../../../Engine/Content/Editor/Slate/Launcher/Mac/Platform_Mac_128x.png
[2019.12.16-01.44.12:930][  0]LogStreaming: Warning: Failed to read file '../../../Engine/Content/Editor/Slate/Launcher/Mac/Platform_Mac_128x.png' error.
[2019.12.16-01.44.12:930][  0]LogSlate: Could not find file for Slate resource: ../../../Engine/Content/Editor/Slate/Launcher/Mac/Platform_Mac_128x.png
[2019.12.16-01.44.12:930][  0]LogStreaming: Warning: Failed to read file '../../../Engine/Content/Editor/Slate/Launcher/Mac/Platform_Mac_24x.png' error.
[2019.12.16-01.44.12:930][  0]LogSlate: Could not find file for Slate resource: ../../../Engine/Content/Editor/Slate/Launcher/Mac/Platform_Mac_24x.png
[2019.12.16-01.44.12:930][  0]LogStreaming: Warning: Failed to read file '../../../Engine/Content/Editor/Slate/Launcher/Mac/Platform_Mac_128x.png' error.
[2019.12.16-01.44.12:930][  0]LogSlate: Could not find file for Slate resource: ../../../Engine/Content/Editor/Slate/Launcher/Mac/Platform_Mac_128x.png
[2019.12.16-01.44.12:931][  0]LogStreaming: Warning: Failed to read file '../../../Engine/Content/Editor/Slate/Launcher/Mac/Platform_Mac_128x.png' error.
[2019.12.16-01.44.12:931][  0]LogSlate: Could not find file for Slate resource: ../../../Engine/Content/Editor/Slate/Launcher/Mac/Platform_Mac_128x.png
[2019.12.16-01.44.12:931][  0]LogStreaming: Warning: Failed to read file '../../../Engine/Content/Editor/Slate/Launcher/Mac/Platform_Mac_24x.png' error.
[2019.12.16-01.44.12:931][  0]LogSlate: Could not find file for Slate resource: ../../../Engine/Content/Editor/Slate/Launcher/Mac/Platform_Mac_24x.png
[2019.12.16-01.44.12:931][  0]LogStreaming: Warning: Failed to read file '../../../Engine/Content/Editor/Slate/Launcher/Mac/Platform_Mac_128x.png' error.
[2019.12.16-01.44.12:931][  0]LogSlate: Could not find file for Slate resource: ../../../Engine/Content/Editor/Slate/Launcher/Mac/Platform_Mac_128x.png
[2019.12.16-01.44.12:931][  0]LogStreaming: Warning: Failed to read file '../../../Engine/Content/Editor/Slate/Launcher/Mac/Platform_Mac_128x.png' error.
[2019.12.16-01.44.12:931][  0]LogSlate: Could not find file for Slate resource: ../../../Engine/Content/Editor/Slate/Launcher/Mac/Platform_Mac_128x.png
[2019.12.16-01.44.12:931][  0]LogStreaming: Warning: Failed to read file '../../../Engine/Content/Editor/Slate/Launcher/Mac/Platform_Mac_24x.png' error.
[2019.12.16-01.44.12:931][  0]LogSlate: Could not find file for Slate resource: ../../../Engine/Content/Editor/Slate/Launcher/Mac/Platform_Mac_24x.png
[2019.12.16-01.44.12:931][  0]LogStreaming: Warning: Failed to read file '../../../Engine/Content/Editor/Slate/Launcher/Mac/Platform_Mac_128x.png' error.
[2019.12.16-01.44.12:931][  0]LogSlate: Could not find file for Slate resource: ../../../Engine/Content/Editor/Slate/Launcher/Mac/Platform_Mac_128x.png
[2019.12.16-01.44.12:931][  0]LogStreaming: Warning: Failed to read file '../../../Engine/Content/Editor/Slate/Launcher/Mac/Platform_Mac_128x.png' error.
[2019.12.16-01.44.12:931][  0]LogSlate: Could not find file for Slate resource: ../../../Engine/Content/Editor/Slate/Launcher/Mac/Platform_Mac_128x.png
[2019.12.16-01.44.12:931][  0]LogStreaming: Warning: Failed to read file '../../../Engine/Content/Editor/Slate/Launcher/Linux/Platform_Linux_24x.png' error.
[2019.12.16-01.44.12:931][  0]LogSlate: Could not find file for Slate resource: ../../../Engine/Content/Editor/Slate/Launcher/Linux/Platform_Linux_24x.png
[2019.12.16-01.44.12:931][  0]LogStreaming: Warning: Failed to read file '../../../Engine/Content/Editor/Slate/Launcher/Linux/Platform_Linux_128x.png' error.
[2019.12.16-01.44.12:931][  0]LogSlate: Could not find file for Slate resource: ../../../Engine/Content/Editor/Slate/Launcher/Linux/Platform_Linux_128x.png
[2019.12.16-01.44.12:931][  0]LogStreaming: Warning: Failed to read file '../../../Engine/Content/Editor/Slate/Launcher/Linux/Platform_Linux_128x.png' error.
[2019.12.16-01.44.12:931][  0]LogSlate: Could not find file for Slate resource: ../../../Engine/Content/Editor/Slate/Launcher/Linux/Platform_Linux_128x.png
[2019.12.16-01.44.12:931][  0]LogStreaming: Warning: Failed to read file '../../../Engine/Content/Editor/Slate/Launcher/Linux/Platform_Linux_24x.png' error.
[2019.12.16-01.44.12:931][  0]LogSlate: Could not find file for Slate resource: ../../../Engine/Content/Editor/Slate/Launcher/Linux/Platform_Linux_24x.png
[2019.12.16-01.44.12:931][  0]LogStreaming: Warning: Failed to read file '../../../Engine/Content/Editor/Slate/Launcher/Linux/Platform_Linux_128x.png' error.
[2019.12.16-01.44.12:931][  0]LogSlate: Could not find file for Slate resource: ../../../Engine/Content/Editor/Slate/Launcher/Linux/Platform_Linux_128x.png
[2019.12.16-01.44.12:931][  0]LogStreaming: Warning: Failed to read file '../../../Engine/Content/Editor/Slate/Launcher/Linux/Platform_Linux_128x.png' error.
[2019.12.16-01.44.12:931][  0]LogSlate: Could not find file for Slate resource: ../../../Engine/Content/Editor/Slate/Launcher/Linux/Platform_Linux_128x.png
[2019.12.16-01.44.12:931][  0]LogStreaming: Warning: Failed to read file '../../../Engine/Content/Editor/Slate/Launcher/Linux/Platform_Linux_24x.png' error.
[2019.12.16-01.44.12:931][  0]LogSlate: Could not find file for Slate resource: ../../../Engine/Content/Editor/Slate/Launcher/Linux/Platform_Linux_24x.png
[2019.12.16-01.44.12:931][  0]LogStreaming: Warning: Failed to read file '../../../Engine/Content/Editor/Slate/Launcher/Linux/Platform_Linux_128x.png' error.
[2019.12.16-01.44.12:931][  0]LogSlate: Could not find file for Slate resource: ../../../Engine/Content/Editor/Slate/Launcher/Linux/Platform_Linux_128x.png
[2019.12.16-01.44.12:931][  0]LogStreaming: Warning: Failed to read file '../../../Engine/Content/Editor/Slate/Launcher/Linux/Platform_Linux_128x.png' error.
[2019.12.16-01.44.12:931][  0]LogSlate: Could not find file for Slate resource: ../../../Engine/Content/Editor/Slate/Launcher/Linux/Platform_Linux_128x.png
[2019.12.16-01.44.12:932][  0]LogStreaming: Warning: Failed to read file '../../../Engine/Content/Editor/Slate/Launcher/Linux/Platform_Linux_24x.png' error.
[2019.12.16-01.44.12:932][  0]LogSlate: Could not find file for Slate resource: ../../../Engine/Content/Editor/Slate/Launcher/Linux/Platform_Linux_24x.png
[2019.12.16-01.44.12:932][  0]LogStreaming: Warning: Failed to read file '../../../Engine/Content/Editor/Slate/Launcher/Linux/Platform_Linux_128x.png' error.
[2019.12.16-01.44.12:932][  0]LogSlate: Could not find file for Slate resource: ../../../Engine/Content/Editor/Slate/Launcher/Linux/Platform_Linux_128x.png
[2019.12.16-01.44.12:932][  0]LogStreaming: Warning: Failed to read file '../../../Engine/Content/Editor/Slate/Launcher/Linux/Platform_Linux_128x.png' error.
[2019.12.16-01.44.12:932][  0]LogSlate: Could not find file for Slate resource: ../../../Engine/Content/Editor/Slate/Launcher/Linux/Platform_Linux_128x.png
[2019.12.16-01.44.12:932][  0]LogStreaming: Warning: Failed to read file '../../../Engine/Content/Editor/Slate/Launcher/Android/Platform_Android_24x.png' error.
[2019.12.16-01.44.12:932][  0]LogSlate: Could not find file for Slate resource: ../../../Engine/Content/Editor/Slate/Launcher/Android/Platform_Android_24x.png
[2019.12.16-01.44.12:932][  0]LogStreaming: Warning: Failed to read file '../../../Engine/Content/Editor/Slate/Launcher/Android/Platform_Android_128x.png' error.
[2019.12.16-01.44.12:932][  0]LogSlate: Could not find file for Slate resource: ../../../Engine/Content/Editor/Slate/Launcher/Android/Platform_Android_128x.png
[2019.12.16-01.44.12:932][  0]LogStreaming: Warning: Failed to read file '../../../Engine/Content/Editor/Slate/Launcher/Android/Platform_Android_128x.png' error.
[2019.12.16-01.44.12:932][  0]LogSlate: Could not find file for Slate resource: ../../../Engine/Content/Editor/Slate/Launcher/Android/Platform_Android_128x.png
[2019.12.16-01.44.12:932][  0]LogStreaming: Warning: Failed to read file '../../../Engine/Content/Editor/Slate/Launcher/Android/Platform_Android_24x.png' error.
[2019.12.16-01.44.12:932][  0]LogSlate: Could not find file for Slate resource: ../../../Engine/Content/Editor/Slate/Launcher/Android/Platform_Android_24x.png
[2019.12.16-01.44.12:932][  0]LogStreaming: Warning: Failed to read file '../../../Engine/Content/Editor/Slate/Launcher/Android/Platform_Android_128x.png' error.
[2019.12.16-01.44.12:932][  0]LogSlate: Could not find file for Slate resource: ../../../Engine/Content/Editor/Slate/Launcher/Android/Platform_Android_128x.png
[2019.12.16-01.44.12:933][  0]LogStreaming: Warning: Failed to read file '../../../Engine/Content/Editor/Slate/Launcher/Android/Platform_Android_128x.png' error.
[2019.12.16-01.44.12:933][  0]LogSlate: Could not find file for Slate resource: ../../../Engine/Content/Editor/Slate/Launcher/Android/Platform_Android_128x.png
[2019.12.16-01.44.12:933][  0]LogStreaming: Warning: Failed to read file '../../../Engine/Content/Editor/Slate/Launcher/Android/Platform_Android_ATC_24x.png' error.
[2019.12.16-01.44.12:933][  0]LogSlate: Could not find file for Slate resource: ../../../Engine/Content/Editor/Slate/Launcher/Android/Platform_Android_ATC_24x.png
[2019.12.16-01.44.12:933][  0]LogStreaming: Warning: Failed to read file '../../../Engine/Content/Editor/Slate/Launcher/Android/Platform_Android_128x.png' error.
[2019.12.16-01.44.12:933][  0]LogSlate: Could not find file for Slate resource: ../../../Engine/Content/Editor/Slate/Launcher/Android/Platform_Android_128x.png
[2019.12.16-01.44.12:933][  0]LogStreaming: Warning: Failed to read file '../../../Engine/Content/Editor/Slate/Launcher/Android/Platform_Android_128x.png' error.
[2019.12.16-01.44.12:933][  0]LogSlate: Could not find file for Slate resource: ../../../Engine/Content/Editor/Slate/Launcher/Android/Platform_Android_128x.png
[2019.12.16-01.44.12:933][  0]LogStreaming: Warning: Failed to read file '../../../Engine/Content/Editor/Slate/Launcher/Android/Platform_Android_DXT_24x.png' error.
[2019.12.16-01.44.12:933][  0]LogSlate: Could not find file for Slate resource: ../../../Engine/Content/Editor/Slate/Launcher/Android/Platform_Android_DXT_24x.png
[2019.12.16-01.44.12:933][  0]LogStreaming: Warning: Failed to read file '../../../Engine/Content/Editor/Slate/Launcher/Android/Platform_Android_128x.png' error.
[2019.12.16-01.44.12:933][  0]LogSlate: Could not find file for Slate resource: ../../../Engine/Content/Editor/Slate/Launcher/Android/Platform_Android_128x.png
[2019.12.16-01.44.12:933][  0]LogStreaming: Warning: Failed to read file '../../../Engine/Content/Editor/Slate/Launcher/Android/Platform_Android_128x.png' error.
[2019.12.16-01.44.12:933][  0]LogSlate: Could not find file for Slate resource: ../../../Engine/Content/Editor/Slate/Launcher/Android/Platform_Android_128x.png
[2019.12.16-01.44.12:933][  0]LogStreaming: Warning: Failed to read file '../../../Engine/Content/Editor/Slate/Launcher/Android/Platform_Android_ETC1_24x.png' error.
[2019.12.16-01.44.12:933][  0]LogSlate: Could not find file for Slate resource: ../../../Engine/Content/Editor/Slate/Launcher/Android/Platform_Android_ETC1_24x.png
[2019.12.16-01.44.12:933][  0]LogStreaming: Warning: Failed to read file '../../../Engine/Content/Editor/Slate/Launcher/Android/Platform_Android_128x.png' error.
[2019.12.16-01.44.12:933][  0]LogSlate: Could not find file for Slate resource: ../../../Engine/Content/Editor/Slate/Launcher/Android/Platform_Android_128x.png
[2019.12.16-01.44.12:933][  0]LogStreaming: Warning: Failed to read file '../../../Engine/Content/Editor/Slate/Launcher/Android/Platform_Android_128x.png' error.
[2019.12.16-01.44.12:933][  0]LogSlate: Could not find file for Slate resource: ../../../Engine/Content/Editor/Slate/Launcher/Android/Platform_Android_128x.png
[2019.12.16-01.44.12:933][  0]LogStreaming: Warning: Failed to read file '../../../Engine/Content/Editor/Slate/Launcher/Android/Platform_Android_ETC2_24x.png' error.
[2019.12.16-01.44.12:933][  0]LogSlate: Could not find file for Slate resource: ../../../Engine/Content/Editor/Slate/Launcher/Android/Platform_Android_ETC2_24x.png
[2019.12.16-01.44.12:933][  0]LogStreaming: Warning: Failed to read file '../../../Engine/Content/Editor/Slate/Launcher/Android/Platform_Android_128x.png' error.
[2019.12.16-01.44.12:933][  0]LogSlate: Could not find file for Slate resource: ../../../Engine/Content/Editor/Slate/Launcher/Android/Platform_Android_128x.png
[2019.12.16-01.44.12:933][  0]LogStreaming: Warning: Failed to read file '../../../Engine/Content/Editor/Slate/Launcher/Android/Platform_Android_128x.png' error.
[2019.12.16-01.44.12:933][  0]LogSlate: Could not find file for Slate resource: ../../../Engine/Content/Editor/Slate/Launcher/Android/Platform_Android_128x.png
[2019.12.16-01.44.12:933][  0]LogStreaming: Warning: Failed to read file '../../../Engine/Content/Editor/Slate/Launcher/Android/Platform_Android_ETC2_24x.png' error.
[2019.12.16-01.44.12:933][  0]LogSlate: Could not find file for Slate resource: ../../../Engine/Content/Editor/Slate/Launcher/Android/Platform_Android_ETC2_24x.png
[2019.12.16-01.44.12:933][  0]LogStreaming: Warning: Failed to read file '../../../Engine/Content/Editor/Slate/Launcher/Android/Platform_Android_128x.png' error.
[2019.12.16-01.44.12:933][  0]LogSlate: Could not find file for Slate resource: ../../../Engine/Content/Editor/Slate/Launcher/Android/Platform_Android_128x.png
[2019.12.16-01.44.12:933][  0]LogStreaming: Warning: Failed to read file '../../../Engine/Content/Editor/Slate/Launcher/Android/Platform_Android_128x.png' error.
[2019.12.16-01.44.12:933][  0]LogSlate: Could not find file for Slate resource: ../../../Engine/Content/Editor/Slate/Launcher/Android/Platform_Android_128x.png
[2019.12.16-01.44.12:934][  0]LogStreaming: Warning: Failed to read file '../../../Engine/Content/Editor/Slate/Launcher/Android/Platform_Android_PVRTC_24x.png' error.
[2019.12.16-01.44.12:934][  0]LogSlate: Could not find file for Slate resource: ../../../Engine/Content/Editor/Slate/Launcher/Android/Platform_Android_PVRTC_24x.png
[2019.12.16-01.44.12:934][  0]LogStreaming: Warning: Failed to read file '../../../Engine/Content/Editor/Slate/Launcher/Android/Platform_Android_128x.png' error.
[2019.12.16-01.44.12:934][  0]LogSlate: Could not find file for Slate resource: ../../../Engine/Content/Editor/Slate/Launcher/Android/Platform_Android_128x.png
[2019.12.16-01.44.12:934][  0]LogStreaming: Warning: Failed to read file '../../../Engine/Content/Editor/Slate/Launcher/Android/Platform_Android_128x.png' error.
[2019.12.16-01.44.12:934][  0]LogSlate: Could not find file for Slate resource: ../../../Engine/Content/Editor/Slate/Launcher/Android/Platform_Android_128x.png
[2019.12.16-01.44.12:934][  0]LogStreaming: Warning: Failed to read file '../../../Engine/Content/Editor/Slate/Launcher/Android/Platform_Android_ASTC_24x.png' error.
[2019.12.16-01.44.12:934][  0]LogSlate: Could not find file for Slate resource: ../../../Engine/Content/Editor/Slate/Launcher/Android/Platform_Android_ASTC_24x.png
[2019.12.16-01.44.12:934][  0]LogStreaming: Warning: Failed to read file '../../../Engine/Content/Editor/Slate/Launcher/Android/Platform_Android_128x.png' error.
[2019.12.16-01.44.12:934][  0]LogSlate: Could not find file for Slate resource: ../../../Engine/Content/Editor/Slate/Launcher/Android/Platform_Android_128x.png
[2019.12.16-01.44.12:934][  0]LogStreaming: Warning: Failed to read file '../../../Engine/Content/Editor/Slate/Launcher/Android/Platform_Android_128x.png' error.
[2019.12.16-01.44.12:934][  0]LogSlate: Could not find file for Slate resource: ../../../Engine/Content/Editor/Slate/Launcher/Android/Platform_Android_128x.png
[2019.12.16-01.44.14:346][  0]LogTcpMessaging: Initializing TcpMessaging bridge
[2019.12.16-01.44.14:379][  0]LogUdpMessaging: Initializing bridge on interface 0.0.0.0:0 to multicast group 230.0.0.1:6666.
[2019.12.16-01.44.14:783][  0]SourceControl: Source control is disabled
[2019.12.16-01.44.14:783][  0]SourceControl: Source control is disabled
[2019.12.16-01.44.14:806][  0]SourceControl: Source control is disabled
[2019.12.16-01.44.14:827][  0]SourceControl: Source control is disabled
[2019.12.16-01.44.15:370][  0]LogAndroidPermission: UAndroidPermissionCallbackProxy::GetInstance
[2019.12.16-01.44.15:565][  0]LogOcInput: OculusInput pre-init called
[2019.12.16-01.44.15:683][  0]LogEngine: Initializing Engine...
[2019.12.16-01.44.15:685][  0]LogHMD: Failed to initialize OpenVR with code 110
[2019.12.16-01.44.15:686][  0]LogStats: UGameplayTagsManager::ConstructGameplayTagTree: Construct from data asset -  0.000 s
[2019.12.16-01.44.15:686][  0]LogStats: UGameplayTagsManager::ConstructGameplayTagTree: GameplayTagTreeChangedEvent.Broadcast -  0.000 s
[2019.12.16-01.44.15:948][  0]LogAIModule: Creating AISystem for world Untitled
[2019.12.16-01.44.15:987][  0]LogInit: XAudio2 using 'Speakers (Realtek High Definition Audio)' : 2 channels at 48 kHz using 32 bits per sample (channel mask 0x3)
[2019.12.16-01.44.16:025][  0]LogInit: FAudioDevice initialized.
[2019.12.16-01.44.16:073][  0]LogDerivedDataCache: Saved boot cache 0.05s 76MB ../../../../164Final/FlexProject/DerivedDataCache/Boot.ddc.
[2019.12.16-01.44.16:085][  0]LogInit: Texture streaming: Enabled
[2019.12.16-01.44.16:104][  0]LogEngineSessionManager: EngineSessionManager initialized
[2019.12.16-01.44.16:120][  0]LogInit: Transaction tracking system initialized
[2019.12.16-01.44.16:150][  0]BlueprintLog: New page: Editor Load
[2019.12.16-01.44.16:237][  0]LocalizationService: Localization service is disabled
[2019.12.16-01.44.16:342][  0]LogConsoleResponse: Display: 
[2019.12.16-01.44.16:518][  0]LogCook: Display: Max memory allowance for cook 16384mb min free memory 0mb
[2019.12.16-01.44.16:518][  0]LogCook: Display: Mobile HDR setting 1
[2019.12.16-01.44.16:518][  0]LogGameplayTags: Display: UGameplayTagsManager::DoneAddingNativeTags. DelegateIsBound: 0
[2019.12.16-01.44.16:518][  0]LogStats: UGameplayTagsManager::ConstructGameplayTagTree: Construct from data asset -  0.000 s
[2019.12.16-01.44.16:518][  0]LogStats: UGameplayTagsManager::ConstructGameplayTagTree: GameplayTagTreeChangedEvent.Broadcast -  0.000 s
[2019.12.16-01.44.16:524][  0]LogFileCache: Scanning file cache for directory 'C:/Users/valen/Documents/GitHub/164Final/FlexProject/Content/' took 0.01s
[2019.12.16-01.44.16:924][  0]SourceControl: Source control is disabled
[2019.12.16-01.44.16:924][  0]Cmd: MAP LOAD FILE="../../../../164Final/FlexProject/Content/Maps/flexSoftTestMap.umap" TEMPLATE=0 SHOWPROGRESS=1 FEATURELEVEL=3
[2019.12.16-01.44.16:924][  0]LogEditorServer: Warning: Can't find file '../../../../164Final/FlexProject/Content/Maps/flexSoftTestMap.umap'
[2019.12.16-01.44.16:924][  0]Cmd: MAP CHECKDEP NOCLEARLOG
[2019.12.16-01.44.16:981][  0]MapCheck: Map check complete: 0 Error(s), 0 Warning(s), took 56.571ms to complete.
[2019.12.16-01.44.16:981][  0]LogFileHelpers: Loading map 'flexSoftTestMap' took 0.057
[2019.12.16-01.44.17:148][  0]LogCollectionManager: Loaded 0 collections in 0.003117 seconds
[2019.12.16-01.44.17:190][  0]LogFileCache: Scanning file cache for directory 'C:/Users/valen/Documents/GitHub/164Final/FlexProject/Saved/Collections/' took 0.01s
[2019.12.16-01.44.17:190][  0]LogFileCache: Scanning file cache for directory 'C:/Users/valen/Documents/GitHub/164Final/FlexProject/Content/Developers/valen/Collections/' took 0.01s
[2019.12.16-01.44.17:190][  0]LogFileCache: Scanning file cache for directory 'C:/Users/valen/Documents/GitHub/164Final/FlexProject/Content/Collections/' took 0.01s
[2019.12.16-01.44.17:190][  0]LogCollectionManager: Rebuilt the GUID cache for 0 collections in 0.000000 seconds
[2019.12.16-01.44.17:203][  0]LogContentBrowser: Native class hierarchy populated in 0.0121 seconds. Added 2478 classes and 562 folders.
[2019.12.16-01.44.17:213][  0]LogContentBrowser: Native class hierarchy updated for 'WidgetCarousel' in 0.0003 seconds. Added 0 classes and 0 folders.
[2019.12.16-01.44.17:263][  0]LogContentBrowser: Native class hierarchy updated for 'AddContentDialog' in 0.0002 seconds. Added 0 classes and 0 folders.
[2019.12.16-01.44.17:268][  0]LogContentBrowser: Native class hierarchy updated for 'SceneOutliner' in 0.0002 seconds. Added 1 classes and 2 folders.
[2019.12.16-01.44.17:292][  0]LogSlate: Took 0.000212 seconds to synchronously load lazily loaded font '../../../Engine/Content/Slate/Fonts/Roboto-Regular.ttf' (155K)
[2019.12.16-01.44.17:295][  0]LogSlate: Took 0.000265 seconds to synchronously load lazily loaded font '../../../Engine/Content/Slate/Fonts/Roboto-Bold.ttf' (160K)
[2019.12.16-01.44.17:303][  0]LogSlate: Took 0.000264 seconds to synchronously load lazily loaded font '../../../Engine/Content/Editor/Slate/Fonts/FontAwesome.ttf' (139K)
[2019.12.16-01.44.17:387][  0]LogRenderer: Reallocating scene render targets to support 964x436 Format 10 NumSamples 1 (Frame:1).
[2019.12.16-01.44.17:531][  0]LogContentBrowser: Native class hierarchy updated for 'HierarchicalLODOutliner' in 0.0002 seconds. Added 0 classes and 0 folders.
[2019.12.16-01.44.17:531][  0]LogLoad: (Engine Initialization) Total time: 11.96 seconds
[2019.12.16-01.44.17:531][  0]LogLoad: (Engine Initialization) Total Blueprint compile time: 0.00 seconds
[2019.12.16-01.44.17:569][  0]LogContentStreaming: Texture pool size now 1000 MB
[2019.12.16-01.44.17:687][  0]LogSlate: Took 0.000184 seconds to synchronously load lazily loaded font '../../../Engine/Content/Slate/Fonts/Roboto-Light.ttf' (167K)
[2019.12.16-01.44.17:708][  1]LogAssetRegistry: Asset discovery search completed in 6.5471 seconds
[2019.12.16-01.44.17:711][  1]LogFlexEditor: FFlexEditorModule::OnFilesLoaded() ProjectFilePath = '../../../../164Final/FlexProject/FlexProject.uproject'
[2019.12.16-01.44.17:711][  1]LogCollectionManager: Rebuilt the object cache for 0 collections in 0.000000 seconds (found 0 objects)
[2019.12.16-01.44.17:711][  1]LogCollectionManager: Fixed up redirectors for 0 collections in 0.000036 seconds (updated 0 objects)
[2019.12.16-01.44.23:297][335]LogSlate: FSceneViewport::OnFocusLost() reason 0
[2019.12.16-01.44.24:417][402]LogSlate: Took 0.000203 seconds to synchronously load lazily loaded font '../../../Engine/Content/Slate/Fonts/Roboto-Light.ttf' (167K)
[2019.12.16-01.44.24:626][402]LogUObjectGlobals: Created PersistentFrame Addr=0x00000255fa4ac600, Size=464, Default__FinalMap_C Function /Game/Maps/Final/FinalMap.FinalMap_C:ExecuteUbergraph_FinalMap
[2019.12.16-01.44.24:638][402]LogUObjectGlobals: Destroyed PersistentFrame Addr=0x00000255fa4ac600, Size=464
[2019.12.16-01.44.24:638][402]LogUObjectGlobals: Created PersistentFrame Addr=0x00000255fa4ac600, Size=464, Default__FinalMap_C Function /Engine/Transient.REINST_FinalMap_C_5:ExecuteUbergraph_FinalMap
[2019.12.16-01.44.24:647][402]LogUObjectGlobals: Created PersistentFrame Addr=0x00000255d7677c00, Size=464, Default__FinalMap_C Function /Game/Maps/Final/FinalMap.FinalMap_C:ExecuteUbergraph_FinalMap
[2019.12.16-01.44.24:943][402]LogAIModule: Creating AISystem for world FinalMap
[2019.12.16-01.44.24:971][402]LogUObjectGlobals: Destroyed PersistentFrame Addr=0x00000255fa4ac600, Size=464
[2019.12.16-01.44.24:973][402]Cmd: MAP LOAD FILE="../../../../164Final/FlexProject/Content/Maps/Final/FinalMap.umap" TEMPLATE=0 SHOWPROGRESS=1 FEATURELEVEL=3
[2019.12.16-01.44.24:973][402]LightingResults: New page: Lighting Build
[2019.12.16-01.44.24:976][402]LogContentBrowser: Native class hierarchy updated for 'StatsViewer' in 0.0003 seconds. Added 5 classes and 0 folders.
[2019.12.16-01.44.24:976][402]LoadErrors: New page: Loading map: FinalMap.umap
[2019.12.16-01.44.24:977][402]MapCheck: New page: Map Check
[2019.12.16-01.44.24:977][402]LightingResults: New page: Lighting Build
[2019.12.16-01.44.24:992][402]LogEditorServer: Finished looking for orphan Actors (0.000 secs)
[2019.12.16-01.44.25:034][402]Cmd: MAP CHECKDEP NOCLEARLOG
[2019.12.16-01.44.25:101][402]MapCheck: Map check complete: 0 Error(s), 0 Warning(s), took 67.042ms to complete.
[2019.12.16-01.44.25:101][402]LogFileHelpers: Loading map 'FinalMap' took 0.129
[2019.12.16-01.50.01:090][123]LogSlate: Window 'FlexProject - Unreal Editor' being destroyed
[2019.12.16-01.50.01:091][123]LogWindowsTextInputMethodSystem: Display: IME system now deactivated.
[2019.12.16-01.50.01:281][124]Cmd: QUIT_EDITOR
[2019.12.16-01.50.01:308][124]LogSlate: Slate User Destroyed.  User Index 0, Is Virtual User: 0
[2019.12.16-01.50.01:309][124]LogExit: Preparing to exit.
[2019.12.16-01.50.01:569][124]LogDirectoryWatcher: A directory notification for 'C:/Users/valen/Documents/GitHub/164Final/FlexProject/Content/' was aborted.
[2019.12.16-01.50.01:587][124]LogExit: Editor shut down
[2019.12.16-01.50.01:591][124]LogExit: Transaction tracking system shut down
[2019.12.16-01.50.01:594][124]LogUObjectGlobals: Destroyed PersistentFrame Addr=0x00000255d7677c00, Size=464
[2019.12.16-01.50.01:706][124]LogDirectoryWatcher: A directory notification for '../../../Engine/Content/' was aborted.
[2019.12.16-01.50.01:707][124]LogDirectoryWatcher: A directory notification for '../../../../164Final/FlexProject/Content/' was aborted.
[2019.12.16-01.50.01:707][124]LogDirectoryWatcher: A directory notification for '../../Plugins/2D/Paper2D/Content/' was aborted.
[2019.12.16-01.50.01:707][124]LogDirectoryWatcher: A directory notification for '../../Plugins/Enterprise/DatasmithContent/Content/' was aborted.
[2019.12.16-01.50.01:707][124]LogDirectoryWatcher: A directory notification for '../../Plugins/Media/MediaCompositing/Content/' was aborted.
[2019.12.16-01.50.01:707][124]LogDirectoryWatcher: A directory notification for '../../Plugins/Runtime/AppleARKit/Content/' was aborted.
[2019.12.16-01.50.01:707][124]LogDirectoryWatcher: A directory notification for '../../Plugins/Runtime/Oculus/OculusVR/Content/' was aborted.
[2019.12.16-01.50.01:707][124]LogDirectoryWatcher: A directory notification for '../../Plugins/Runtime/Steam/SteamVR/Content/' was aborted.
[2019.12.16-01.50.01:759][124]LogExit: Object subsystem successfully closed.
[2019.12.16-01.50.01:792][124]LogShaderCompilers: Display: Shaders left to compile 0
[2019.12.16-01.50.01:797][124]LogD3D11RHI: Shutdown
[2019.12.16-01.50.01:797][124]LogD3D11RHI: CleanupD3DDevice
[2019.12.16-01.50.01:799][124]LogD3D11RHI: ~FD3D11DynamicRHI
[2019.12.16-01.50.01:823][124]LogModuleManager: Shutting down and abandoning module StatsViewer (566)
[2019.12.16-01.50.01:823][124]LogModuleManager: Shutting down and abandoning module HierarchicalLODOutliner (564)
[2019.12.16-01.50.01:823][124]LogModuleManager: Shutting down and abandoning module DesktopPlatform (562)
[2019.12.16-01.50.01:823][124]LogModuleManager: Shutting down and abandoning module SceneOutliner (560)
[2019.12.16-01.50.01:823][124]LogModuleManager: Shutting down and abandoning module AddContentDialog (558)
[2019.12.16-01.50.01:824][124]LogDirectoryWatcher: A directory notification for 'C:/Users/valen/Documents/GitHub/UnrealEngine/FeaturePacks/' was aborted.
[2019.12.16-01.50.01:824][124]LogModuleManager: Shutting down and abandoning module WidgetCarousel (557)
[2019.12.16-01.50.01:824][124]LogModuleManager: Shutting down and abandoning module EditorWidgets (554)
[2019.12.16-01.50.01:824][124]LogModuleManager: Shutting down and abandoning module CollectionManager (552)
[2019.12.16-01.50.01:824][124]LogDirectoryWatcher: A directory notification for 'C:/Users/valen/Documents/GitHub/164Final/FlexProject/Content/Collections/' was aborted.
[2019.12.16-01.50.01:824][124]LogDirectoryWatcher: A directory notification for 'C:/Users/valen/Documents/GitHub/164Final/FlexProject/Content/Developers/valen/Collections/' was aborted.
[2019.12.16-01.50.01:824][124]LogDirectoryWatcher: A directory notification for 'C:/Users/valen/Documents/GitHub/164Final/FlexProject/Saved/Collections/' was aborted.
[2019.12.16-01.50.01:825][124]LogModuleManager: Shutting down and abandoning module FoliageEdit (550)
[2019.12.16-01.50.01:825][124]LogModuleManager: Shutting down and abandoning module LandscapeEditor (548)
[2019.12.16-01.50.01:825][124]LogModuleManager: Shutting down and abandoning module MeshPaintMode (546)
[2019.12.16-01.50.01:825][124]LogModuleManager: Shutting down and abandoning module SceneDepthPickerMode (544)
[2019.12.16-01.50.01:825][124]LogModuleManager: Shutting down and abandoning module ActorPickerMode (542)
[2019.12.16-01.50.01:825][124]LogModuleManager: Shutting down and abandoning module GeometryMode (540)
[2019.12.16-01.50.01:825][124]LogModuleManager: Shutting down and abandoning module TextureAlignMode (538)
[2019.12.16-01.50.01:825][124]LogModuleManager: Shutting down and abandoning module BspMode (536)
[2019.12.16-01.50.01:825][124]LogModuleManager: Shutting down and abandoning module PIEPreviewDeviceProfileSelector (534)
[2019.12.16-01.50.01:825][124]LogModuleManager: Shutting down and abandoning module HardwareSurvey (532)
[2019.12.16-01.50.01:825][124]LogModuleManager: Shutting down and abandoning module SequenceRecorderSections (530)
[2019.12.16-01.50.01:825][124]LogModuleManager: Shutting down and abandoning module AutomationWorker (528)
[2019.12.16-01.50.01:825][124]LogModuleManager: Shutting down and abandoning module AudioCaptureEditor (526)
[2019.12.16-01.50.01:825][124]LogModuleManager: Shutting down and abandoning module SequenceRecorder (525)
[2019.12.16-01.50.01:825][124]LogModuleManager: Shutting down and abandoning module MatineeToLevelSequence (522)
[2019.12.16-01.50.01:825][124]LogModuleManager: Shutting down and abandoning module LevelSequenceEditor (520)
[2019.12.16-01.50.01:825][124]LogModuleManager: Shutting down and abandoning module PlacementMode (519)
[2019.12.16-01.50.01:825][124]LogModuleManager: Shutting down and abandoning module MaterialEditor (518)
[2019.12.16-01.50.01:825][124]LogModuleManager: Shutting down and abandoning module WmfMediaFactory (514)
[2019.12.16-01.50.01:826][124]LogModuleManager: Shutting down and abandoning module WmfMediaEditor (512)
[2019.12.16-01.50.01:826][124]LogModuleManager: Shutting down and abandoning module MediaPlayerEditor (510)
[2019.12.16-01.50.01:826][124]LogModuleManager: Shutting down and abandoning module OpenExrWrapper (508)
[2019.12.16-01.50.01:826][124]LogModuleManager: Shutting down and abandoning module ImgMediaFactory (506)
[2019.12.16-01.50.01:826][124]LogModuleManager: Shutting down and abandoning module ImgMediaEditor (504)
[2019.12.16-01.50.01:826][124]LogModuleManager: Shutting down and abandoning module AvfMediaFactory (502)
[2019.12.16-01.50.01:826][124]LogModuleManager: Shutting down and abandoning module AvfMediaEditor (500)
[2019.12.16-01.50.01:826][124]LogModuleManager: Shutting down and abandoning module AndroidMediaFactory (498)
[2019.12.16-01.50.01:826][124]LogModuleManager: Shutting down and abandoning module AndroidMediaEditor (496)
[2019.12.16-01.50.01:826][124]LogModuleManager: Shutting down and abandoning module CharacterAI (494)
[2019.12.16-01.50.01:826][124]LogModuleManager: Shutting down and abandoning module SmartSnapping (492)
[2019.12.16-01.50.01:826][124]LogModuleManager: Shutting down and abandoning module SessionServices (490)
[2019.12.16-01.50.01:826][124]LogModuleManager: Shutting down and abandoning module ViewportSnapping (488)
[2019.12.16-01.50.01:826][124]LogModuleManager: Shutting down and abandoning module ViewportInteraction (486)
[2019.12.16-01.50.01:826][124]LogModuleManager: Shutting down and abandoning module ClothPainter (484)
[2019.12.16-01.50.01:826][124]LogModuleManager: Shutting down and abandoning module SkeletalMeshEditor (483)
[2019.12.16-01.50.01:826][124]LogModuleManager: Shutting down and abandoning module LogVisualizer (480)
[2019.12.16-01.50.01:826][124]LogModuleManager: Shutting down and abandoning module IntroTutorials (478)
[2019.12.16-01.50.01:826][124]LogModuleManager: Shutting down and abandoning module GameProjectGeneration (477)
[2019.12.16-01.50.01:826][124]LogModuleManager: Shutting down and abandoning module IOSPlatformEditor (474)
[2019.12.16-01.50.01:826][124]LogModuleManager: Shutting down and abandoning module HTML5PlatformEditor (472)
[2019.12.16-01.50.01:826][124]LogModuleManager: Shutting down and abandoning module AndroidPlatformEditor (470)
[2019.12.16-01.50.01:826][124]LogModuleManager: Shutting down and abandoning module AndroidDeviceDetection (469)
[2019.12.16-01.50.02:494][124]LogModuleManager: Shutting down and abandoning module WindowsPlatformEditor (466)
[2019.12.16-01.50.02:494][124]LogModuleManager: Shutting down and abandoning module IOSRuntimeSettings (464)
[2019.12.16-01.50.02:494][124]LogModuleManager: Shutting down and abandoning module AndroidRuntimeSettings (462)
[2019.12.16-01.50.02:494][124]LogModuleManager: Shutting down and abandoning module InputBindingEditor (460)
[2019.12.16-01.50.02:494][124]LogModuleManager: Shutting down and abandoning module MergeActors (458)
[2019.12.16-01.50.02:494][124]LogModuleManager: Shutting down and abandoning module LocalizationDashboard (456)
[2019.12.16-01.50.02:495][124]LogModuleManager: Shutting down and abandoning module LocalizationService (455)
[2019.12.16-01.50.02:495][124]LogModuleManager: Shutting down and abandoning module HardwareTargeting (452)
[2019.12.16-01.50.02:495][124]LogModuleManager: Shutting down and abandoning module DeviceProfileEditor (450)
[2019.12.16-01.50.02:495][124]LogModuleManager: Shutting down and abandoning module UndoHistory (448)
[2019.12.16-01.50.02:495][124]LogModuleManager: Shutting down and abandoning module XmlParser (446)
[2019.12.16-01.50.02:495][124]LogModuleManager: Shutting down and abandoning module Blutility (444)
[2019.12.16-01.50.02:495][124]LogModuleManager: Shutting down and abandoning module ProjectSettingsViewer (442)
[2019.12.16-01.50.02:495][124]LogModuleManager: Shutting down and abandoning module ProjectTargetPlatformEditor (441)
[2019.12.16-01.50.02:495][124]LogModuleManager: Shutting down and abandoning module EditorSettingsViewer (438)
[2019.12.16-01.50.02:495][124]LogModuleManager: Shutting down and abandoning module SettingsEditor (436)
[2019.12.16-01.50.02:495][124]LogModuleManager: Shutting down and abandoning module ProjectLauncher (434)
[2019.12.16-01.50.02:495][124]LogModuleManager: Shutting down and abandoning module SessionFrontend (432)
[2019.12.16-01.50.02:495][124]LogModuleManager: Shutting down and abandoning module ProfilerClient (430)
[2019.12.16-01.50.02:495][124]LogModuleManager: Shutting down and abandoning module DeviceManager (428)
[2019.12.16-01.50.02:495][124]LogModuleManager: Shutting down and abandoning module TargetDeviceServices (427)
[2019.12.16-01.50.02:549][124]LogModuleManager: Shutting down and abandoning module AutomationController (424)
[2019.12.16-01.50.02:549][124]LogModuleManager: Shutting down and abandoning module AutomationWindow (422)
[2019.12.16-01.50.02:549][124]LogModuleManager: Shutting down and abandoning module Layers (420)
[2019.12.16-01.50.02:549][124]LogModuleManager: Shutting down and abandoning module ComponentVisualizers (418)
[2019.12.16-01.50.02:549][124]LogModuleManager: Shutting down and abandoning module DetailCustomizations (416)
[2019.12.16-01.50.02:549][124]LogModuleManager: Shutting down and abandoning module PackagesDialog (414)
[2019.12.16-01.50.02:549][124]LogModuleManager: Shutting down and abandoning module Persona (412)
[2019.12.16-01.50.02:549][124]LogModuleManager: Shutting down and abandoning module AdvancedPreviewScene (411)
[2019.12.16-01.50.02:549][124]LogModuleManager: Shutting down and abandoning module AnimGraph (409)
[2019.12.16-01.50.02:549][124]LogModuleManager: Shutting down and abandoning module Kismet (406)
[2019.12.16-01.50.02:549][124]LogModuleManager: Shutting down and abandoning module GraphEditor (404)
[2019.12.16-01.50.02:549][124]LogModuleManager: Shutting down and abandoning module ClassViewer (402)
[2019.12.16-01.50.02:549][124]LogModuleManager: Shutting down and abandoning module Toolbox (400)
[2019.12.16-01.50.02:549][124]LogModuleManager: Shutting down and abandoning module ModuleUI (398)
[2019.12.16-01.50.02:549][124]LogModuleManager: Shutting down and abandoning module MovieSceneTools (396)
[2019.12.16-01.50.02:549][124]LogModuleManager: Shutting down and abandoning module OutputLog (394)
[2019.12.16-01.50.02:549][124]LogModuleManager: Shutting down and abandoning module GammaUI (392)
[2019.12.16-01.50.02:549][124]LogModuleManager: Shutting down and abandoning module Documentation (390)
[2019.12.16-01.50.02:549][124]LogModuleManager: Shutting down and abandoning module MovieSceneTracks (388)
[2019.12.16-01.50.02:549][124]LogModuleManager: Shutting down and abandoning module MovieScene (386)
[2019.12.16-01.50.02:549][124]LogModuleManager: Shutting down and abandoning module StreamingPauseRendering (384)
[2019.12.16-01.50.02:549][124]LogModuleManager: Shutting down and abandoning module LauncherPlatform (382)
[2019.12.16-01.50.02:550][124]LogModuleManager: Shutting down and abandoning module AnalyticsET (380)
[2019.12.16-01.50.02:550][124]LogModuleManager: Shutting down and abandoning module PortalServices (378)
[2019.12.16-01.50.02:550][124]LogModuleManager: Shutting down and abandoning module PortalRpc (376)
[2019.12.16-01.50.02:550][124]LogModuleManager: Shutting down and abandoning module MessagingRpc (374)
[2019.12.16-01.50.02:550][124]LogModuleManager: Shutting down and abandoning module AIModule (372)
[2019.12.16-01.50.02:550][124]LogModuleManager: Shutting down and abandoning module GameplayDebugger (371)
[2019.12.16-01.50.02:550][124]LogModuleManager: Shutting down and abandoning module AITestSuite (369)
[2019.12.16-01.50.02:550][124]LogModuleManager: Shutting down and abandoning module ProfilerService (366)
[2019.12.16-01.50.02:592][124]LogModuleManager: Shutting down and abandoning module TaskGraph (364)
[2019.12.16-01.50.02:593][124]LogModuleManager: Shutting down and abandoning module SteamVRController (362)
[2019.12.16-01.50.02:593][124]LogModuleManager: Shutting down and abandoning module ProceduralMeshComponentEditor (360)
[2019.12.16-01.50.02:593][124]LogModuleManager: Shutting down and abandoning module ProceduralMeshComponent (358)
[2019.12.16-01.50.02:593][124]LogModuleManager: Shutting down and abandoning module OculusInput (356)
[2019.12.16-01.50.02:593][124]LogModuleManager: Shutting down and abandoning module MobilePatchingUtils (354)
[2019.12.16-01.50.02:593][124]LogModuleManager: Shutting down and abandoning module CustomMeshComponent (352)
[2019.12.16-01.50.02:593][124]LogModuleManager: Shutting down and abandoning module CableComponent (350)
[2019.12.16-01.50.02:593][124]LogModuleManager: Shutting down and abandoning module AudioCapture (348)
[2019.12.16-01.50.02:593][124]LogModuleManager: Shutting down and abandoning module ArchVisCharacter (346)
[2019.12.16-01.50.02:593][124]LogModuleManager: Shutting down and abandoning module AndroidPermission (344)
[2019.12.16-01.50.02:593][124]LogModuleManager: Shutting down and abandoning module NUTUnrealEngine4 (340)
[2019.12.16-01.50.02:593][124]LogModuleManager: Shutting down and abandoning module NetcodeUnitTest (338)
[2019.12.16-01.50.02:593][124]LogModuleManager: Shutting down and abandoning module MediaCompositingEditor (336)
[2019.12.16-01.50.02:593][124]LogModuleManager: Shutting down and abandoning module MediaCompositing (334)
[2019.12.16-01.50.02:593][124]LogModuleManager: Shutting down and abandoning module LinearTimecode (332)
[2019.12.16-01.50.02:593][124]LogModuleManager: Shutting down and abandoning module ImgMedia (330)
[2019.12.16-01.50.02:597][124]LogModuleManager: Shutting down and abandoning module FlexEditor (328)
[2019.12.16-01.50.02:597][124]LogModuleManager: Shutting down and abandoning module HTML5Networking (326)
[2019.12.16-01.50.02:597][124]LogModuleManager: Shutting down and abandoning module AlembicImporter (324)
[2019.12.16-01.50.02:597][124]LogModuleManager: Shutting down and abandoning module AlembicLibrary (323)
[2019.12.16-01.50.02:597][124]LogModuleManager: Shutting down and abandoning module GeometryCache (322)
[2019.12.16-01.50.02:598][124]LogModuleManager: Shutting down and abandoning module GeometryCacheEd (321)
[2019.12.16-01.50.02:598][124]LogModuleManager: Shutting down and abandoning module DatasmithContent (316)
[2019.12.16-01.50.02:598][124]LogModuleManager: Shutting down and abandoning module SpeedTreeImporter (314)
[2019.12.16-01.50.02:598][124]LogModuleManager: Shutting down and abandoning module PluginBrowser (312)
[2019.12.16-01.50.02:598][124]LogModuleManager: Shutting down and abandoning module MobileLauncherProfileWizard (310)
[2019.12.16-01.50.02:598][124]LogModuleManager: Shutting down and abandoning module CryptoKeysOpenSSL (308)
[2019.12.16-01.50.02:598][124]LogModuleManager: Shutting down and abandoning module CryptoKeys (306)
[2019.12.16-01.50.02:598][124]LogModuleManager: Shutting down and abandoning module VisualStudioSourceCodeAccess (304)
[2019.12.16-01.50.02:598][124]LogModuleManager: Shutting down and abandoning module VisualStudioCodeSourceCodeAccess (302)
[2019.12.16-01.50.02:598][124]LogModuleManager: Shutting down and abandoning module UObjectPlugin (300)
[2019.12.16-01.50.02:598][124]LogModuleManager: Shutting down and abandoning module SubversionSourceControl (298)
[2019.12.16-01.50.02:598][124]LogModuleManager: Shutting down and abandoning module PerforceSourceControl (296)
[2019.12.16-01.50.02:598][124]LogModuleManager: Shutting down and abandoning module GitSourceControl (294)
[2019.12.16-01.50.02:598][124]LogModuleManager: Shutting down and abandoning module SourceControl (293)
[2019.12.16-01.50.02:598][124]LogModuleManager: Shutting down and abandoning module CLionSourceCodeAccess (290)
[2019.12.16-01.50.02:598][124]LogModuleManager: Shutting down and abandoning module LightPropagationVolumeEditor (288)
[2019.12.16-01.50.02:598][124]LogModuleManager: Shutting down and abandoning module PaperTiledImporter (286)
[2019.12.16-01.50.02:598][124]LogModuleManager: Shutting down and abandoning module PaperSpriteSheetImporter (284)
[2019.12.16-01.50.02:598][124]LogModuleManager: Shutting down and abandoning module Paper2DEditor (282)
[2019.12.16-01.50.02:598][124]LogModuleManager: Shutting down and abandoning module MeshPaint (281)
[2019.12.16-01.50.02:598][124]LogModuleManager: Shutting down and abandoning module RuntimePhysXCooking (278)
[2019.12.16-01.50.02:598][124]LogModuleManager: Shutting down and abandoning module PhysXVehiclesEditor (276)
[2019.12.16-01.50.02:598][124]LogModuleManager: Shutting down and abandoning module PhysXVehicles (274)
[2019.12.16-01.50.02:598][124]LogModuleManager: Shutting down and abandoning module OculusEditor (272)
[2019.12.16-01.50.02:598][124]LogModuleManager: Shutting down and abandoning module LocationServicesBPLibrary (270)
[2019.12.16-01.50.02:598][124]LogModuleManager: Shutting down and abandoning module ImmediatePhysicsEditor (268)
[2019.12.16-01.50.02:598][124]LogModuleManager: Shutting down and abandoning module ImmediatePhysics (266)
[2019.12.16-01.50.02:598][124]LogModuleManager: Shutting down and abandoning module ActorSequence (264)
[2019.12.16-01.50.02:598][124]LogModuleManager: Shutting down and abandoning module UdpMessaging (262)
[2019.12.16-01.50.02:699][124]LogModuleManager: Shutting down and abandoning module TcpMessaging (260)
[2019.12.16-01.50.02:800][124]LogModuleManager: Shutting down and abandoning module GameplayTagsEditor (258)
[2019.12.16-01.50.02:800][124]LogModuleManager: Shutting down and abandoning module FacialAnimationEditor (256)
[2019.12.16-01.50.02:800][124]LogModuleManager: Shutting down and abandoning module FacialAnimation (254)
[2019.12.16-01.50.02:800][124]LogModuleManager: Shutting down and abandoning module DataValidation (252)
[2019.12.16-01.50.02:800][124]LogModuleManager: Shutting down and abandoning module AssetManagerEditor (250)
[2019.12.16-01.50.02:800][124]LogModuleManager: Shutting down and abandoning module LevelEditor (249)
[2019.12.16-01.50.02:801][124]LogModuleManager: Shutting down and abandoning module PixelInspectorModule (248)
[2019.12.16-01.50.02:801][124]LogModuleManager: Shutting down and abandoning module CommonMenuExtensions (246)
[2019.12.16-01.50.02:801][124]LogModuleManager: Shutting down and abandoning module MainFrame (244)
[2019.12.16-01.50.02:801][124]LogModuleManager: Shutting down and abandoning module HotReload (243)
[2019.12.16-01.50.02:801][124]LogModuleManager: Shutting down and abandoning module ContentBrowser (239)
[2019.12.16-01.50.02:801][124]LogModuleManager: Shutting down and abandoning module TreeMap (237)
[2019.12.16-01.50.02:801][124]LogModuleManager: Shutting down and abandoning module LightPropagationVolumeRuntime (234)
[2019.12.16-01.50.02:801][124]LogModuleManager: Shutting down and abandoning module LiveLinkEditor (232)
[2019.12.16-01.50.02:801][124]LogModuleManager: Shutting down and abandoning module LiveLink (230)
[2019.12.16-01.50.03:169][124]LogModuleManager: Shutting down and abandoning module Paper2D (228)
[2019.12.16-01.50.03:169][124]LogModuleManager: Shutting down and abandoning module WindowsMoviePlayer (226)
[2019.12.16-01.50.03:169][124]LogModuleManager: Shutting down and abandoning module WmfMedia (224)
[2019.12.16-01.50.03:170][124]LogModuleManager: Shutting down and abandoning module Media (223)
[2019.12.16-01.50.03:176][124]LogModuleManager: Shutting down and abandoning module PacketHandler (220)
[2019.12.16-01.50.03:176][124]LogModuleManager: Shutting down and abandoning module ClothingSystemEditor (218)
[2019.12.16-01.50.03:176][124]LogModuleManager: Shutting down and abandoning module ClothingSystemRuntime (216)
[2019.12.16-01.50.03:176][124]LogModuleManager: Shutting down and abandoning module MediaAssets (214)
[2019.12.16-01.50.03:176][124]LogModuleManager: Shutting down and abandoning module Overlay (212)
[2019.12.16-01.50.03:176][124]LogModuleManager: Shutting down and abandoning module OverlayEditor (211)
[2019.12.16-01.50.03:176][124]LogModuleManager: Shutting down and abandoning module VREditor (208)
[2019.12.16-01.50.03:176][124]LogModuleManager: Shutting down and abandoning module StringTableEditor (206)
[2019.12.16-01.50.03:177][124]LogModuleManager: Shutting down and abandoning module GameplayTasksEditor (204)
[2019.12.16-01.50.03:177][124]LogModuleManager: Shutting down and abandoning module BehaviorTreeEditor (202)
[2019.12.16-01.50.03:177][124]LogModuleManager: Shutting down and abandoning module FunctionalTesting (200)
[2019.12.16-01.50.03:177][124]LogModuleManager: Shutting down and abandoning module CollisionAnalyzer (198)
[2019.12.16-01.50.03:177][124]LogModuleManager: Shutting down and abandoning module WorkspaceMenuStructure (197)
[2019.12.16-01.50.03:177][124]LogModuleManager: Shutting down and abandoning module UMG (194)
[2019.12.16-01.50.03:177][124]LogModuleManager: Shutting down and abandoning module UMGEditor (193)
[2019.12.16-01.50.03:177][124]LogModuleManager: Shutting down and abandoning module Sequencer (192)
[2019.12.16-01.50.03:177][124]LogModuleManager: Shutting down and abandoning module MessageLog (189)
[2019.12.16-01.50.03:177][124]LogModuleManager: Shutting down and abandoning module SlateReflector (184)
[2019.12.16-01.50.03:177][124]LogModuleManager: Shutting down and abandoning module Slate (182)
[2019.12.16-01.50.03:177][124]LogModuleManager: Shutting down and abandoning module EditorStyle (180)
[2019.12.16-01.50.03:178][124]LogModuleManager: Shutting down and abandoning module MRMesh (178)
[2019.12.16-01.50.03:179][124]LogModuleManager: Shutting down and abandoning module SourceCodeAccess (176)
[2019.12.16-01.50.03:179][124]LogModuleManager: Shutting down and abandoning module HeadMountedDisplay (174)
[2019.12.16-01.50.03:179][124]LogModuleManager: Shutting down and abandoning module XAudio2 (172)
[2019.12.16-01.50.03:179][124]LogModuleManager: Shutting down and abandoning module Networking (170)
[2019.12.16-01.50.03:179][124]LogModuleManager: Shutting down and abandoning module Core (168)
[2019.12.16-01.50.03:179][124]LogModuleManager: Shutting down and abandoning module LevelSequence (166)
[2019.12.16-01.50.03:179][124]LogModuleManager: Shutting down and abandoning module KismetCompiler (164)
[2019.12.16-01.50.03:179][124]LogModuleManager: Shutting down and abandoning module MeshUtilities (162)
[2019.12.16-01.50.03:179][124]LogModuleManager: Shutting down and abandoning module MeshMergeUtilities (161)
[2019.12.16-01.50.03:179][124]LogModuleManager: Shutting down and abandoning module MeshReductionInterface (160)
[2019.12.16-01.50.03:179][124]LogModuleManager: Shutting down and abandoning module QuadricMeshReduction (159)
[2019.12.16-01.50.03:179][124]LogModuleManager: Shutting down and abandoning module MaterialBaking (155)
[2019.12.16-01.50.03:179][124]LogModuleManager: Shutting down and abandoning module DirectoryWatcher (151)
[2019.12.16-01.50.03:180][124]LogModuleManager: Shutting down and abandoning module DerivedDataCache (148)
[2019.12.16-01.50.03:268][124]LogDerivedDataCache: Shutdown
[2019.12.16-01.50.03:268][124]LogModuleManager: Shutting down and abandoning module XGEController (146)
[2019.12.16-01.50.03:268][124]LogModuleManager: Shutting down and abandoning module TargetPlatform (144)
[2019.12.16-01.50.03:268][124]LogModuleManager: Shutting down and abandoning module VulkanShaderFormat (143)
[2019.12.16-01.50.03:268][124]LogModuleManager: Shutting down and abandoning module ShaderFormatVectorVM (141)
[2019.12.16-01.50.03:268][124]LogModuleManager: Shutting down and abandoning module ShaderFormatOpenGL (139)
[2019.12.16-01.50.03:268][124]LogModuleManager: Shutting down and abandoning module ShaderFormatD3D (137)
[2019.12.16-01.50.03:268][124]LogModuleManager: Shutting down and abandoning module MetalShaderFormat (135)
[2019.12.16-01.50.03:268][124]LogModuleManager: Shutting down and abandoning module TextureFormatUncompressed (133)
[2019.12.16-01.50.03:268][124]LogModuleManager: Shutting down and abandoning module TextureFormatPVR (131)
[2019.12.16-01.50.03:268][124]LogModuleManager: Shutting down and abandoning module TextureFormatDXT (129)
[2019.12.16-01.50.03:268][124]LogModuleManager: Shutting down and abandoning module TextureFormatIntelISPCTexComp (127)
[2019.12.16-01.50.03:269][124]LogModuleManager: Shutting down and abandoning module TextureFormatASTC (125)
[2019.12.16-01.50.03:269][124]LogModuleManager: Shutting down and abandoning module ImageWrapper (124)
[2019.12.16-01.50.03:269][124]LogModuleManager: Shutting down and abandoning module TextureFormatAndroid (121)
[2019.12.16-01.50.03:269][124]LogModuleManager: Shutting down and abandoning module AudioFormatOpus (119)
[2019.12.16-01.50.03:269][124]LogModuleManager: Shutting down and abandoning module AudioFormatOgg (117)
[2019.12.16-01.50.03:269][124]LogModuleManager: Shutting down and abandoning module AudioFormatADPCM (115)
[2019.12.16-01.50.03:269][124]LogModuleManager: Shutting down and abandoning module TVOSTargetPlatform (113)
[2019.12.16-01.50.03:269][124]LogModuleManager: Shutting down and abandoning module Messaging (111)
[2019.12.16-01.50.03:269][124]LogModuleManager: Shutting down and abandoning module IOSTargetPlatform (109)
[2019.12.16-01.50.03:269][124]LogModuleManager: Shutting down and abandoning module HTML5TargetPlatform (107)
[2019.12.16-01.50.03:269][124]LogModuleManager: Shutting down and abandoning module AndroidTargetPlatform (105)
[2019.12.16-01.50.03:269][124]LogModuleManager: Shutting down and abandoning module Android_PVRTCTargetPlatform (103)
[2019.12.16-01.50.03:269][124]LogModuleManager: Shutting down and abandoning module Android_MultiTargetPlatform (101)
[2019.12.16-01.50.03:269][124]LogModuleManager: Shutting down and abandoning module Android_ETC2TargetPlatform (99)
[2019.12.16-01.50.03:269][124]LogModuleManager: Shutting down and abandoning module Android_ETC1TargetPlatform (97)
[2019.12.16-01.50.03:269][124]LogModuleManager: Shutting down and abandoning module Android_ETC1aTargetPlatform (95)
[2019.12.16-01.50.03:269][124]LogModuleManager: Shutting down and abandoning module Android_DXTTargetPlatform (93)
[2019.12.16-01.50.03:269][124]LogModuleManager: Shutting down and abandoning module Android_ATCTargetPlatform (91)
[2019.12.16-01.50.03:269][124]LogModuleManager: Shutting down and abandoning module Android_ASTCTargetPlatform (89)
[2019.12.16-01.50.03:269][124]LogModuleManager: Shutting down and abandoning module WindowsTargetPlatform (87)
[2019.12.16-01.50.03:269][124]LogModuleManager: Shutting down and abandoning module WindowsServerTargetPlatform (85)
[2019.12.16-01.50.03:269][124]LogModuleManager: Shutting down and abandoning module WindowsNoEditorTargetPlatform (83)
[2019.12.16-01.50.03:269][124]LogModuleManager: Shutting down and abandoning module WindowsClientTargetPlatform (81)
[2019.12.16-01.50.03:269][124]LogModuleManager: Shutting down and abandoning module MacTargetPlatform (79)
[2019.12.16-01.50.03:269][124]LogModuleManager: Shutting down and abandoning module MacServerTargetPlatform (77)
[2019.12.16-01.50.03:269][124]LogModuleManager: Shutting down and abandoning module MacNoEditorTargetPlatform (75)
[2019.12.16-01.50.03:269][124]LogModuleManager: Shutting down and abandoning module MacClientTargetPlatform (73)
[2019.12.16-01.50.03:269][124]LogModuleManager: Shutting down and abandoning module AllDesktopTargetPlatform (71)
[2019.12.16-01.50.03:269][124]LogModuleManager: Shutting down and abandoning module InputCore (68)
[2019.12.16-01.50.03:269][124]LogModuleManager: Shutting down and abandoning module Settings (66)
[2019.12.16-01.50.03:269][124]LogModuleManager: Shutting down and abandoning module PhysXCooking (64)
[2019.12.16-01.50.03:270][124]LogModuleManager: Shutting down and abandoning module SteamVR (62)
[2019.12.16-01.50.03:270][124]LogModuleManager: Shutting down and abandoning module OculusHMD (60)
[2019.12.16-01.50.03:270][124]LogModuleManager: Shutting down and abandoning module ExampleDeviceProfileSelector (58)
[2019.12.16-01.50.03:270][124]LogModuleManager: Shutting down and abandoning module AppleARKit (56)
[2019.12.16-01.50.03:270][124]LogModuleManager: Shutting down and abandoning module AugmentedReality (53)
[2019.12.16-01.50.03:270][124]LogModuleManager: Shutting down and abandoning module OnlineBlueprintSupport (50)
[2019.12.16-01.50.03:270][124]LogModuleManager: Shutting down and abandoning module OnlineSubsystem (46)
[2019.12.16-01.50.03:270][124]LogModuleManager: Shutting down and abandoning module XMPP (45)
[2019.12.16-01.50.03:270][124]LogModuleManager: Shutting down and abandoning module HTTP (43)
[2019.12.16-01.50.03:270][124]LogHttp: Display: Http module shutting down, but needs to wait on 1 outstanding Http requests:
[2019.12.16-01.50.03:270][124]LogHttp: Display: 	verb=[POST] url=[https://datarouter.ol.epicgames.com/datarouter/api/v1/public/data?SessionID=%7BD9116110-4E89-871C-DDCF-279C6D8CE548%7D&AppID=UEEditor.UnrealEngine.Release&AppVersion=4.19.2-0%2B%2B%2BUE4%2BRelease-4.19&UserID=376b280e461f2b4e1529bc81c45b1e8b%7C4826c82bbc7b4d2080c1e267643d9fa9%7C386fe216-1fe6-401c-9f61-e2c35e2f3a0e&AppEnvironment=datacollector-source&UploadType=eteventstream] status=Processing
[2019.12.16-01.50.03:288][124]LogModuleManager: Shutting down and abandoning module SSL (42)
[2019.12.16-01.50.03:289][124]LogModuleManager: Shutting down and abandoning module Flex (38)
[2019.12.16-01.50.03:289][124]LogModuleManager: Shutting down and abandoning module AnimationModifiers (36)
[2019.12.16-01.50.03:289][124]LogModuleManager: Shutting down and abandoning module PropertyEditor (35)
[2019.12.16-01.50.03:289][124]LogModuleManager: Shutting down and abandoning module AudioEditor (32)
[2019.12.16-01.50.03:289][124]LogModuleManager: Shutting down and abandoning module TextureCompressor (30)
[2019.12.16-01.50.03:290][124]LogModuleManager: Shutting down and abandoning module ShaderCore (28)
[2019.12.16-01.50.03:290][124]LogModuleManager: Shutting down and abandoning module Landscape (26)
[2019.12.16-01.50.03:290][124]LogModuleManager: Shutting down and abandoning module SlateRHIRenderer (24)
[2019.12.16-01.50.03:290][124]LogModuleManager: Shutting down and abandoning module OpenGLDrv (22)
[2019.12.16-01.50.03:290][124]LogModuleManager: Shutting down and abandoning module D3D11RHI (20)
[2019.12.16-01.50.03:290][124]LogModuleManager: Shutting down and abandoning module AnimGraphRuntime (18)
[2019.12.16-01.50.03:290][124]LogModuleManager: Shutting down and abandoning module Renderer (16)
[2019.12.16-01.50.03:290][124]LogModuleManager: Shutting down and abandoning module Engine (14)
[2019.12.16-01.50.03:290][124]LogModuleManager: Shutting down and abandoning module CoreUObject (12)
[2019.12.16-01.50.03:290][124]LogModuleManager: Shutting down and abandoning module NetworkFile (10)
[2019.12.16-01.50.03:290][124]LogModuleManager: Shutting down and abandoning module CookedIterativeFile (8)
[2019.12.16-01.50.03:290][124]LogModuleManager: Shutting down and abandoning module StreamingFile (6)
[2019.12.16-01.50.03:290][124]LogModuleManager: Shutting down and abandoning module SandboxFile (4)
[2019.12.16-01.50.03:290][124]LogModuleManager: Shutting down and abandoning module PakFile (2)
[2019.12.16-01.50.03:299][124]LogExit: Exiting.
[2019.12.16-01.50.03:316][124]Log file closed, 12/15/19 17:50:03
